{"/home/mattia/Projets dev/Stellaris/src/config.js": {"path":"/home/mattia/Projets dev/Stellaris/src/config.js","statementMap":{"0":{"start":{"line":1,"column":13},"end":{"line":1,"column":28}},"1":{"start":{"line":3,"column":13},"end":{"line":3,"column":39}},"2":{"start":{"line":4,"column":19},"end":{"line":4,"column":44}},"3":{"start":{"line":5,"column":17},"end":{"line":5,"column":40}},"4":{"start":{"line":7,"column":0},"end":{"line":16,"column":2}}},"fnMap":{},"branchMap":{"0":{"loc":{"start":{"line":15,"column":10},"end":{"line":15,"column":34}},"type":"binary-expr","locations":[{"start":{"line":15,"column":10},"end":{"line":15,"column":26}},{"start":{"line":15,"column":30},"end":{"line":15,"column":34}}],"line":15}},"s":{"0":4,"1":4,"2":4,"3":4,"4":4},"f":{},"b":{"0":[4,3]},"_coverageSchema":"1a1c01bbd47fc00a2c39e90264f33305004495a9","hash":"6391c0148ea6f63ff53324a0c6b3fcd835669ca2"}
,"/home/mattia/Projets dev/Stellaris/src/middleware/auth.js": {"path":"/home/mattia/Projets dev/Stellaris/src/middleware/auth.js","statementMap":{"0":{"start":{"line":2,"column":16},"end":{"line":2,"column":47}},"1":{"start":{"line":3,"column":21},"end":{"line":3,"column":60}},"2":{"start":{"line":4,"column":4},"end":{"line":4,"column":81}},"3":{"start":{"line":4,"column":26},"end":{"line":4,"column":81}},"4":{"start":{"line":5,"column":4},"end":{"line":5,"column":11}},"5":{"start":{"line":8,"column":0},"end":{"line":8,"column":34}}},"fnMap":{"0":{"name":"requireAdmin","decl":{"start":{"line":1,"column":9},"end":{"line":1,"column":21}},"loc":{"start":{"line":1,"column":38},"end":{"line":6,"column":1}},"line":1}},"branchMap":{"0":{"loc":{"start":{"line":2,"column":16},"end":{"line":2,"column":47}},"type":"binary-expr","locations":[{"start":{"line":2,"column":16},"end":{"line":2,"column":41}},{"start":{"line":2,"column":45},"end":{"line":2,"column":47}}],"line":2},"1":{"loc":{"start":{"line":3,"column":21},"end":{"line":3,"column":60}},"type":"binary-expr","locations":[{"start":{"line":3,"column":21},"end":{"line":3,"column":46}},{"start":{"line":3,"column":50},"end":{"line":3,"column":60}}],"line":3},"2":{"loc":{"start":{"line":4,"column":4},"end":{"line":4,"column":81}},"type":"if","locations":[{"start":{"line":4,"column":4},"end":{"line":4,"column":81}},{"start":{},"end":{}}],"line":4}},"s":{"0":4,"1":4,"2":4,"3":3,"4":1,"5":2},"f":{"0":4},"b":{"0":[4,1],"1":[4,0],"2":[3,1]},"_coverageSchema":"1a1c01bbd47fc00a2c39e90264f33305004495a9","hash":"b79d90def1f418f439aff699f06e29c3384c4076"}
,"/home/mattia/Projets dev/Stellaris/src/routes/admin.js": {"path":"/home/mattia/Projets dev/Stellaris/src/routes/admin.js","statementMap":{"0":{"start":{"line":1,"column":16},"end":{"line":1,"column":34}},"1":{"start":{"line":2,"column":15},"end":{"line":2,"column":31}},"2":{"start":{"line":3,"column":23},"end":{"line":3,"column":38}},"3":{"start":{"line":4,"column":31},"end":{"line":4,"column":47}},"4":{"start":{"line":5,"column":61},"end":{"line":5,"column":81}},"5":{"start":{"line":6,"column":32},"end":{"line":6,"column":56}},"6":{"start":{"line":7,"column":40},"end":{"line":7,"column":66}},"7":{"start":{"line":8,"column":61},"end":{"line":8,"column":92}},"8":{"start":{"line":9,"column":21},"end":{"line":9,"column":48}},"9":{"start":{"line":10,"column":25},"end":{"line":10,"column":54}},"10":{"start":{"line":13,"column":0},"end":{"line":13,"column":25}},"11":{"start":{"line":16,"column":0},"end":{"line":25,"column":3}},"12":{"start":{"line":17,"column":4},"end":{"line":24,"column":5}},"13":{"start":{"line":18,"column":8},"end":{"line":18,"column":39}},"14":{"start":{"line":19,"column":25},"end":{"line":19,"column":54}},"15":{"start":{"line":20,"column":8},"end":{"line":20,"column":27}},"16":{"start":{"line":22,"column":8},"end":{"line":22,"column":50}},"17":{"start":{"line":23,"column":8},"end":{"line":23,"column":64}},"18":{"start":{"line":28,"column":0},"end":{"line":39,"column":3}},"19":{"start":{"line":29,"column":4},"end":{"line":29,"column":120}},"20":{"start":{"line":30,"column":16},"end":{"line":30,"column":42}},"21":{"start":{"line":31,"column":4},"end":{"line":31,"column":57}},"22":{"start":{"line":31,"column":13},"end":{"line":31,"column":57}},"23":{"start":{"line":32,"column":4},"end":{"line":38,"column":5}},"24":{"start":{"line":33,"column":8},"end":{"line":33,"column":49}},"25":{"start":{"line":34,"column":8},"end":{"line":34,"column":31}},"26":{"start":{"line":36,"column":8},"end":{"line":36,"column":51}},"27":{"start":{"line":37,"column":8},"end":{"line":37,"column":65}},"28":{"start":{"line":42,"column":0},"end":{"line":56,"column":3}},"29":{"start":{"line":43,"column":22},"end":{"line":43,"column":36}},"30":{"start":{"line":44,"column":15},"end":{"line":44,"column":53}},"31":{"start":{"line":45,"column":4},"end":{"line":45,"column":89}},"32":{"start":{"line":45,"column":28},"end":{"line":45,"column":89}},"33":{"start":{"line":46,"column":4},"end":{"line":55,"column":5}},"34":{"start":{"line":47,"column":8},"end":{"line":47,"column":43}},"35":{"start":{"line":48,"column":24},"end":{"line":48,"column":66}},"36":{"start":{"line":49,"column":8},"end":{"line":49,"column":58}},"37":{"start":{"line":49,"column":38},"end":{"line":49,"column":58}},"38":{"start":{"line":50,"column":8},"end":{"line":50,"column":53}},"39":{"start":{"line":51,"column":8},"end":{"line":51,"column":31}},"40":{"start":{"line":53,"column":8},"end":{"line":53,"column":47}},"41":{"start":{"line":54,"column":8},"end":{"line":54,"column":61}},"42":{"start":{"line":59,"column":0},"end":{"line":79,"column":3}},"43":{"start":{"line":60,"column":4},"end":{"line":78,"column":5}},"44":{"start":{"line":61,"column":25},"end":{"line":61,"column":54}},"45":{"start":{"line":62,"column":21},"end":{"line":62,"column":38}},"46":{"start":{"line":63,"column":24},"end":{"line":63,"column":38}},"47":{"start":{"line":64,"column":22},"end":{"line":64,"column":34}},"48":{"start":{"line":65,"column":21},"end":{"line":65,"column":97}},"49":{"start":{"line":66,"column":19},"end":{"line":66,"column":86}},"50":{"start":{"line":67,"column":8},"end":{"line":67,"column":112}},"51":{"start":{"line":67,"column":56},"end":{"line":67,"column":112}},"52":{"start":{"line":68,"column":25},"end":{"line":68,"column":54}},"53":{"start":{"line":69,"column":24},"end":{"line":69,"column":75}},"54":{"start":{"line":70,"column":22},"end":{"line":70,"column":128}},"55":{"start":{"line":71,"column":24},"end":{"line":71,"column":69}},"56":{"start":{"line":72,"column":8},"end":{"line":74,"column":9}},"57":{"start":{"line":73,"column":12},"end":{"line":73,"column":58}},"58":{"start":{"line":75,"column":8},"end":{"line":75,"column":28}},"59":{"start":{"line":77,"column":8},"end":{"line":77,"column":62}},"60":{"start":{"line":82,"column":0},"end":{"line":96,"column":3}},"61":{"start":{"line":83,"column":22},"end":{"line":83,"column":36}},"62":{"start":{"line":84,"column":15},"end":{"line":84,"column":53}},"63":{"start":{"line":85,"column":4},"end":{"line":85,"column":89}},"64":{"start":{"line":85,"column":28},"end":{"line":85,"column":89}},"65":{"start":{"line":86,"column":4},"end":{"line":95,"column":5}},"66":{"start":{"line":87,"column":8},"end":{"line":87,"column":45}},"67":{"start":{"line":88,"column":22},"end":{"line":88,"column":64}},"68":{"start":{"line":89,"column":8},"end":{"line":89,"column":51}},"69":{"start":{"line":89,"column":38},"end":{"line":89,"column":49}},"70":{"start":{"line":90,"column":8},"end":{"line":90,"column":53}},"71":{"start":{"line":91,"column":8},"end":{"line":91,"column":31}},"72":{"start":{"line":93,"column":8},"end":{"line":93,"column":49}},"73":{"start":{"line":94,"column":8},"end":{"line":94,"column":63}},"74":{"start":{"line":99,"column":0},"end":{"line":106,"column":3}},"75":{"start":{"line":100,"column":4},"end":{"line":105,"column":5}},"76":{"start":{"line":101,"column":24},"end":{"line":101,"column":66}},"77":{"start":{"line":102,"column":8},"end":{"line":102,"column":30}},"78":{"start":{"line":104,"column":8},"end":{"line":104,"column":63}},"79":{"start":{"line":109,"column":0},"end":{"line":118,"column":3}},"80":{"start":{"line":110,"column":4},"end":{"line":117,"column":5}},"81":{"start":{"line":111,"column":8},"end":{"line":111,"column":39}},"82":{"start":{"line":112,"column":25},"end":{"line":112,"column":54}},"83":{"start":{"line":113,"column":8},"end":{"line":113,"column":31}},"84":{"start":{"line":115,"column":8},"end":{"line":115,"column":44}},"85":{"start":{"line":116,"column":8},"end":{"line":116,"column":64}},"86":{"start":{"line":121,"column":0},"end":{"line":154,"column":3}},"87":{"start":{"line":122,"column":4},"end":{"line":153,"column":5}},"88":{"start":{"line":123,"column":8},"end":{"line":123,"column":56}},"89":{"start":{"line":124,"column":25},"end":{"line":124,"column":54}},"90":{"start":{"line":125,"column":20},"end":{"line":125,"column":67}},"91":{"start":{"line":125,"column":44},"end":{"line":125,"column":66}},"92":{"start":{"line":126,"column":8},"end":{"line":126,"column":84}},"93":{"start":{"line":126,"column":24},"end":{"line":126,"column":84}},"94":{"start":{"line":127,"column":24},"end":{"line":127,"column":37}},"95":{"start":{"line":128,"column":8},"end":{"line":128,"column":73}},"96":{"start":{"line":128,"column":44},"end":{"line":128,"column":73}},"97":{"start":{"line":130,"column":8},"end":{"line":130,"column":37}},"98":{"start":{"line":131,"column":8},"end":{"line":131,"column":135}},"99":{"start":{"line":132,"column":8},"end":{"line":132,"column":32}},"100":{"start":{"line":133,"column":8},"end":{"line":133,"column":49}},"101":{"start":{"line":135,"column":8},"end":{"line":146,"column":9}},"102":{"start":{"line":136,"column":23},"end":{"line":136,"column":98}},"103":{"start":{"line":137,"column":25},"end":{"line":144,"column":24}},"104":{"start":{"line":145,"column":12},"end":{"line":145,"column":102}},"105":{"start":{"line":148,"column":8},"end":{"line":148,"column":47}},"106":{"start":{"line":149,"column":8},"end":{"line":149,"column":30}},"107":{"start":{"line":151,"column":8},"end":{"line":151,"column":38}},"108":{"start":{"line":152,"column":8},"end":{"line":152,"column":58}},"109":{"start":{"line":157,"column":0},"end":{"line":189,"column":3}},"110":{"start":{"line":158,"column":4},"end":{"line":188,"column":5}},"111":{"start":{"line":159,"column":27},"end":{"line":159,"column":41}},"112":{"start":{"line":160,"column":25},"end":{"line":160,"column":54}},"113":{"start":{"line":161,"column":20},"end":{"line":161,"column":67}},"114":{"start":{"line":161,"column":44},"end":{"line":161,"column":66}},"115":{"start":{"line":162,"column":8},"end":{"line":162,"column":84}},"116":{"start":{"line":162,"column":24},"end":{"line":162,"column":84}},"117":{"start":{"line":163,"column":24},"end":{"line":163,"column":37}},"118":{"start":{"line":164,"column":8},"end":{"line":164,"column":72}},"119":{"start":{"line":164,"column":43},"end":{"line":164,"column":72}},"120":{"start":{"line":166,"column":8},"end":{"line":166,"column":36}},"121":{"start":{"line":167,"column":8},"end":{"line":167,"column":134}},"122":{"start":{"line":168,"column":8},"end":{"line":168,"column":49}},"123":{"start":{"line":169,"column":8},"end":{"line":169,"column":32}},"124":{"start":{"line":170,"column":8},"end":{"line":170,"column":49}},"125":{"start":{"line":172,"column":8},"end":{"line":183,"column":9}},"126":{"start":{"line":173,"column":23},"end":{"line":173,"column":98}},"127":{"start":{"line":174,"column":25},"end":{"line":181,"column":40}},"128":{"start":{"line":182,"column":12},"end":{"line":182,"column":106}},"129":{"start":{"line":185,"column":8},"end":{"line":185,"column":30}},"130":{"start":{"line":187,"column":8},"end":{"line":187,"column":57}},"131":{"start":{"line":192,"column":0},"end":{"line":242,"column":3}},"132":{"start":{"line":193,"column":4},"end":{"line":241,"column":5}},"133":{"start":{"line":194,"column":80},"end":{"line":194,"column":94}},"134":{"start":{"line":195,"column":8},"end":{"line":195,"column":107}},"135":{"start":{"line":195,"column":50},"end":{"line":195,"column":107}},"136":{"start":{"line":197,"column":25},"end":{"line":197,"column":54}},"137":{"start":{"line":198,"column":21},"end":{"line":198,"column":38}},"138":{"start":{"line":199,"column":24},"end":{"line":199,"column":80}},"139":{"start":{"line":200,"column":20},"end":{"line":200,"column":48}},"140":{"start":{"line":201,"column":8},"end":{"line":201,"column":97}},"141":{"start":{"line":201,"column":42},"end":{"line":201,"column":97}},"142":{"start":{"line":203,"column":25},"end":{"line":203,"column":47}},"143":{"start":{"line":204,"column":23},"end":{"line":204,"column":43}},"144":{"start":{"line":205,"column":25},"end":{"line":205,"column":54}},"145":{"start":{"line":206,"column":24},"end":{"line":206,"column":75}},"146":{"start":{"line":207,"column":25},"end":{"line":207,"column":114}},"147":{"start":{"line":208,"column":21},"end":{"line":208,"column":68}},"148":{"start":{"line":208,"column":40},"end":{"line":208,"column":67}},"149":{"start":{"line":209,"column":8},"end":{"line":209,"column":78}},"150":{"start":{"line":209,"column":19},"end":{"line":209,"column":78}},"151":{"start":{"line":211,"column":24},"end":{"line":220,"column":9}},"152":{"start":{"line":222,"column":32},"end":{"line":222,"column":58}},"153":{"start":{"line":223,"column":8},"end":{"line":223,"column":56}},"154":{"start":{"line":225,"column":8},"end":{"line":236,"column":9}},"155":{"start":{"line":226,"column":23},"end":{"line":226,"column":98}},"156":{"start":{"line":227,"column":25},"end":{"line":234,"column":24}},"157":{"start":{"line":235,"column":12},"end":{"line":235,"column":94}},"158":{"start":{"line":238,"column":8},"end":{"line":238,"column":42}},"159":{"start":{"line":240,"column":8},"end":{"line":240,"column":64}},"160":{"start":{"line":244,"column":0},"end":{"line":244,"column":24}}},"fnMap":{"0":{"name":"(anonymous_0)","decl":{"start":{"line":16,"column":24},"end":{"line":16,"column":25}},"loc":{"start":{"line":16,"column":45},"end":{"line":25,"column":1}},"line":16},"1":{"name":"(anonymous_1)","decl":{"start":{"line":28,"column":24},"end":{"line":28,"column":25}},"loc":{"start":{"line":28,"column":44},"end":{"line":39,"column":1}},"line":28},"2":{"name":"(anonymous_2)","decl":{"start":{"line":42,"column":28},"end":{"line":42,"column":29}},"loc":{"start":{"line":42,"column":48},"end":{"line":56,"column":1}},"line":42},"3":{"name":"(anonymous_3)","decl":{"start":{"line":59,"column":21},"end":{"line":59,"column":22}},"loc":{"start":{"line":59,"column":41},"end":{"line":79,"column":1}},"line":59},"4":{"name":"(anonymous_4)","decl":{"start":{"line":82,"column":30},"end":{"line":82,"column":31}},"loc":{"start":{"line":82,"column":50},"end":{"line":96,"column":1}},"line":82},"5":{"name":"(anonymous_5)","decl":{"start":{"line":89,"column":33},"end":{"line":89,"column":34}},"loc":{"start":{"line":89,"column":38},"end":{"line":89,"column":49}},"line":89},"6":{"name":"(anonymous_6)","decl":{"start":{"line":99,"column":29},"end":{"line":99,"column":30}},"loc":{"start":{"line":99,"column":50},"end":{"line":106,"column":1}},"line":99},"7":{"name":"(anonymous_7)","decl":{"start":{"line":109,"column":24},"end":{"line":109,"column":25}},"loc":{"start":{"line":109,"column":45},"end":{"line":118,"column":1}},"line":109},"8":{"name":"(anonymous_8)","decl":{"start":{"line":121,"column":37},"end":{"line":121,"column":38}},"loc":{"start":{"line":121,"column":57},"end":{"line":154,"column":1}},"line":121},"9":{"name":"(anonymous_9)","decl":{"start":{"line":125,"column":39},"end":{"line":125,"column":40}},"loc":{"start":{"line":125,"column":44},"end":{"line":125,"column":66}},"line":125},"10":{"name":"(anonymous_10)","decl":{"start":{"line":157,"column":36},"end":{"line":157,"column":37}},"loc":{"start":{"line":157,"column":56},"end":{"line":189,"column":1}},"line":157},"11":{"name":"(anonymous_11)","decl":{"start":{"line":161,"column":39},"end":{"line":161,"column":40}},"loc":{"start":{"line":161,"column":44},"end":{"line":161,"column":66}},"line":161},"12":{"name":"(anonymous_12)","decl":{"start":{"line":192,"column":25},"end":{"line":192,"column":26}},"loc":{"start":{"line":192,"column":45},"end":{"line":242,"column":1}},"line":192},"13":{"name":"(anonymous_13)","decl":{"start":{"line":208,"column":35},"end":{"line":208,"column":36}},"loc":{"start":{"line":208,"column":40},"end":{"line":208,"column":67}},"line":208}},"branchMap":{"0":{"loc":{"start":{"line":31,"column":4},"end":{"line":31,"column":57}},"type":"if","locations":[{"start":{"line":31,"column":4},"end":{"line":31,"column":57}},{"start":{},"end":{}}],"line":31},"1":{"loc":{"start":{"line":43,"column":22},"end":{"line":43,"column":36}},"type":"binary-expr","locations":[{"start":{"line":43,"column":22},"end":{"line":43,"column":30}},{"start":{"line":43,"column":34},"end":{"line":43,"column":36}}],"line":43},"2":{"loc":{"start":{"line":44,"column":15},"end":{"line":44,"column":53}},"type":"cond-expr","locations":[{"start":{"line":44,"column":23},"end":{"line":44,"column":46}},{"start":{"line":44,"column":49},"end":{"line":44,"column":53}}],"line":44},"3":{"loc":{"start":{"line":45,"column":4},"end":{"line":45,"column":89}},"type":"if","locations":[{"start":{"line":45,"column":4},"end":{"line":45,"column":89}},{"start":{},"end":{}}],"line":45},"4":{"loc":{"start":{"line":45,"column":8},"end":{"line":45,"column":26}},"type":"binary-expr","locations":[{"start":{"line":45,"column":8},"end":{"line":45,"column":11}},{"start":{"line":45,"column":15},"end":{"line":45,"column":26}}],"line":45},"5":{"loc":{"start":{"line":48,"column":24},"end":{"line":48,"column":66}},"type":"binary-expr","locations":[{"start":{"line":48,"column":25},"end":{"line":48,"column":59}},{"start":{"line":48,"column":64},"end":{"line":48,"column":66}}],"line":48},"6":{"loc":{"start":{"line":49,"column":8},"end":{"line":49,"column":58}},"type":"if","locations":[{"start":{"line":49,"column":8},"end":{"line":49,"column":58}},{"start":{},"end":{}}],"line":49},"7":{"loc":{"start":{"line":65,"column":21},"end":{"line":65,"column":97}},"type":"cond-expr","locations":[{"start":{"line":65,"column":31},"end":{"line":65,"column":66}},{"start":{"line":65,"column":69},"end":{"line":65,"column":97}}],"line":65},"8":{"loc":{"start":{"line":66,"column":19},"end":{"line":66,"column":86}},"type":"cond-expr","locations":[{"start":{"line":66,"column":27},"end":{"line":66,"column":60}},{"start":{"line":66,"column":63},"end":{"line":66,"column":86}}],"line":66},"9":{"loc":{"start":{"line":67,"column":8},"end":{"line":67,"column":112}},"type":"if","locations":[{"start":{"line":67,"column":8},"end":{"line":67,"column":112}},{"start":{},"end":{}}],"line":67},"10":{"loc":{"start":{"line":67,"column":12},"end":{"line":67,"column":54}},"type":"binary-expr","locations":[{"start":{"line":67,"column":12},"end":{"line":67,"column":25}},{"start":{"line":67,"column":29},"end":{"line":67,"column":40}},{"start":{"line":67,"column":44},"end":{"line":67,"column":54}}],"line":67},"11":{"loc":{"start":{"line":69,"column":32},"end":{"line":69,"column":74}},"type":"binary-expr","locations":[{"start":{"line":69,"column":33},"end":{"line":69,"column":67}},{"start":{"line":69,"column":72},"end":{"line":69,"column":74}}],"line":69},"12":{"loc":{"start":{"line":71,"column":31},"end":{"line":71,"column":54}},"type":"binary-expr","locations":[{"start":{"line":71,"column":31},"end":{"line":71,"column":48}},{"start":{"line":71,"column":52},"end":{"line":71,"column":54}}],"line":71},"13":{"loc":{"start":{"line":72,"column":8},"end":{"line":74,"column":9}},"type":"if","locations":[{"start":{"line":72,"column":8},"end":{"line":74,"column":9}},{"start":{},"end":{}}],"line":72},"14":{"loc":{"start":{"line":72,"column":12},"end":{"line":72,"column":49}},"type":"binary-expr","locations":[{"start":{"line":72,"column":12},"end":{"line":72,"column":27}},{"start":{"line":72,"column":31},"end":{"line":72,"column":49}}],"line":72},"15":{"loc":{"start":{"line":83,"column":22},"end":{"line":83,"column":36}},"type":"binary-expr","locations":[{"start":{"line":83,"column":22},"end":{"line":83,"column":30}},{"start":{"line":83,"column":34},"end":{"line":83,"column":36}}],"line":83},"16":{"loc":{"start":{"line":84,"column":15},"end":{"line":84,"column":53}},"type":"cond-expr","locations":[{"start":{"line":84,"column":23},"end":{"line":84,"column":46}},{"start":{"line":84,"column":49},"end":{"line":84,"column":53}}],"line":84},"17":{"loc":{"start":{"line":85,"column":4},"end":{"line":85,"column":89}},"type":"if","locations":[{"start":{"line":85,"column":4},"end":{"line":85,"column":89}},{"start":{},"end":{}}],"line":85},"18":{"loc":{"start":{"line":85,"column":8},"end":{"line":85,"column":26}},"type":"binary-expr","locations":[{"start":{"line":85,"column":8},"end":{"line":85,"column":11}},{"start":{"line":85,"column":15},"end":{"line":85,"column":26}}],"line":85},"19":{"loc":{"start":{"line":88,"column":22},"end":{"line":88,"column":64}},"type":"binary-expr","locations":[{"start":{"line":88,"column":23},"end":{"line":88,"column":57}},{"start":{"line":88,"column":62},"end":{"line":88,"column":64}}],"line":88},"20":{"loc":{"start":{"line":101,"column":24},"end":{"line":101,"column":66}},"type":"binary-expr","locations":[{"start":{"line":101,"column":25},"end":{"line":101,"column":59}},{"start":{"line":101,"column":64},"end":{"line":101,"column":66}}],"line":101},"21":{"loc":{"start":{"line":126,"column":8},"end":{"line":126,"column":84}},"type":"if","locations":[{"start":{"line":126,"column":8},"end":{"line":126,"column":84}},{"start":{},"end":{}}],"line":126},"22":{"loc":{"start":{"line":128,"column":8},"end":{"line":128,"column":73}},"type":"if","locations":[{"start":{"line":128,"column":8},"end":{"line":128,"column":73}},{"start":{},"end":{}}],"line":128},"23":{"loc":{"start":{"line":131,"column":53},"end":{"line":131,"column":125}},"type":"cond-expr","locations":[{"start":{"line":131,"column":73},"end":{"line":131,"column":117}},{"start":{"line":131,"column":120},"end":{"line":131,"column":125}}],"line":131},"24":{"loc":{"start":{"line":135,"column":8},"end":{"line":146,"column":9}},"type":"if","locations":[{"start":{"line":135,"column":8},"end":{"line":146,"column":9}},{"start":{},"end":{}}],"line":135},"25":{"loc":{"start":{"line":159,"column":27},"end":{"line":159,"column":41}},"type":"binary-expr","locations":[{"start":{"line":159,"column":27},"end":{"line":159,"column":35}},{"start":{"line":159,"column":39},"end":{"line":159,"column":41}}],"line":159},"26":{"loc":{"start":{"line":162,"column":8},"end":{"line":162,"column":84}},"type":"if","locations":[{"start":{"line":162,"column":8},"end":{"line":162,"column":84}},{"start":{},"end":{}}],"line":162},"27":{"loc":{"start":{"line":164,"column":8},"end":{"line":164,"column":72}},"type":"if","locations":[{"start":{"line":164,"column":8},"end":{"line":164,"column":72}},{"start":{},"end":{}}],"line":164},"28":{"loc":{"start":{"line":167,"column":52},"end":{"line":167,"column":124}},"type":"cond-expr","locations":[{"start":{"line":167,"column":72},"end":{"line":167,"column":116}},{"start":{"line":167,"column":119},"end":{"line":167,"column":124}}],"line":167},"29":{"loc":{"start":{"line":168,"column":34},"end":{"line":168,"column":48}},"type":"binary-expr","locations":[{"start":{"line":168,"column":34},"end":{"line":168,"column":40}},{"start":{"line":168,"column":44},"end":{"line":168,"column":48}}],"line":168},"30":{"loc":{"start":{"line":172,"column":8},"end":{"line":183,"column":9}},"type":"if","locations":[{"start":{"line":172,"column":8},"end":{"line":183,"column":9}},{"start":{},"end":{}}],"line":172},"31":{"loc":{"start":{"line":178,"column":16},"end":{"line":178,"column":51}},"type":"cond-expr","locations":[{"start":{"line":178,"column":25},"end":{"line":178,"column":44}},{"start":{"line":178,"column":47},"end":{"line":178,"column":51}}],"line":178},"32":{"loc":{"start":{"line":194,"column":80},"end":{"line":194,"column":94}},"type":"binary-expr","locations":[{"start":{"line":194,"column":80},"end":{"line":194,"column":88}},{"start":{"line":194,"column":92},"end":{"line":194,"column":94}}],"line":194},"33":{"loc":{"start":{"line":195,"column":8},"end":{"line":195,"column":107}},"type":"if","locations":[{"start":{"line":195,"column":8},"end":{"line":195,"column":107}},{"start":{},"end":{}}],"line":195},"34":{"loc":{"start":{"line":195,"column":12},"end":{"line":195,"column":48}},"type":"binary-expr","locations":[{"start":{"line":195,"column":12},"end":{"line":195,"column":17}},{"start":{"line":195,"column":21},"end":{"line":195,"column":27}},{"start":{"line":195,"column":31},"end":{"line":195,"column":37}},{"start":{"line":195,"column":41},"end":{"line":195,"column":48}}],"line":195},"35":{"loc":{"start":{"line":199,"column":24},"end":{"line":199,"column":80}},"type":"cond-expr","locations":[{"start":{"line":199,"column":36},"end":{"line":199,"column":73}},{"start":{"line":199,"column":76},"end":{"line":199,"column":80}}],"line":199},"36":{"loc":{"start":{"line":201,"column":8},"end":{"line":201,"column":97}},"type":"if","locations":[{"start":{"line":201,"column":8},"end":{"line":201,"column":97}},{"start":{},"end":{}}],"line":201},"37":{"loc":{"start":{"line":201,"column":12},"end":{"line":201,"column":40}},"type":"binary-expr","locations":[{"start":{"line":201,"column":12},"end":{"line":201,"column":20}},{"start":{"line":201,"column":24},"end":{"line":201,"column":40}}],"line":201},"38":{"loc":{"start":{"line":206,"column":32},"end":{"line":206,"column":74}},"type":"binary-expr","locations":[{"start":{"line":206,"column":33},"end":{"line":206,"column":67}},{"start":{"line":206,"column":72},"end":{"line":206,"column":74}}],"line":206},"39":{"loc":{"start":{"line":209,"column":8},"end":{"line":209,"column":78}},"type":"if","locations":[{"start":{"line":209,"column":8},"end":{"line":209,"column":78}},{"start":{},"end":{}}],"line":209},"40":{"loc":{"start":{"line":213,"column":34},"end":{"line":213,"column":49}},"type":"binary-expr","locations":[{"start":{"line":213,"column":34},"end":{"line":213,"column":41}},{"start":{"line":213,"column":45},"end":{"line":213,"column":49}}],"line":213},"41":{"loc":{"start":{"line":213,"column":79},"end":{"line":213,"column":98}},"type":"binary-expr","locations":[{"start":{"line":213,"column":79},"end":{"line":213,"column":90}},{"start":{"line":213,"column":94},"end":{"line":213,"column":98}}],"line":213},"42":{"loc":{"start":{"line":225,"column":8},"end":{"line":236,"column":9}},"type":"if","locations":[{"start":{"line":225,"column":8},"end":{"line":236,"column":9}},{"start":{},"end":{}}],"line":225}},"s":{"0":1,"1":1,"2":1,"3":1,"4":1,"5":1,"6":1,"7":1,"8":1,"9":1,"10":1,"11":1,"12":0,"13":0,"14":0,"15":0,"16":0,"17":0,"18":1,"19":0,"20":0,"21":0,"22":0,"23":0,"24":0,"25":0,"26":0,"27":0,"28":1,"29":0,"30":0,"31":0,"32":0,"33":0,"34":0,"35":0,"36":0,"37":0,"38":0,"39":0,"40":0,"41":0,"42":1,"43":0,"44":0,"45":0,"46":0,"47":0,"48":0,"49":0,"50":0,"51":0,"52":0,"53":0,"54":0,"55":0,"56":0,"57":0,"58":0,"59":0,"60":1,"61":0,"62":0,"63":0,"64":0,"65":0,"66":0,"67":0,"68":0,"69":0,"70":0,"71":0,"72":0,"73":0,"74":1,"75":0,"76":0,"77":0,"78":0,"79":1,"80":0,"81":0,"82":0,"83":0,"84":0,"85":0,"86":1,"87":0,"88":0,"89":0,"90":0,"91":0,"92":0,"93":0,"94":0,"95":0,"96":0,"97":0,"98":0,"99":0,"100":0,"101":0,"102":0,"103":0,"104":0,"105":0,"106":0,"107":0,"108":0,"109":1,"110":0,"111":0,"112":0,"113":0,"114":0,"115":0,"116":0,"117":0,"118":0,"119":0,"120":0,"121":0,"122":0,"123":0,"124":0,"125":0,"126":0,"127":0,"128":0,"129":0,"130":0,"131":1,"132":0,"133":0,"134":0,"135":0,"136":0,"137":0,"138":0,"139":0,"140":0,"141":0,"142":0,"143":0,"144":0,"145":0,"146":0,"147":0,"148":0,"149":0,"150":0,"151":0,"152":0,"153":0,"154":0,"155":0,"156":0,"157":0,"158":0,"159":0,"160":1},"f":{"0":0,"1":0,"2":0,"3":0,"4":0,"5":0,"6":0,"7":0,"8":0,"9":0,"10":0,"11":0,"12":0,"13":0},"b":{"0":[0,0],"1":[0,0],"2":[0,0],"3":[0,0],"4":[0,0],"5":[0,0],"6":[0,0],"7":[0,0],"8":[0,0],"9":[0,0],"10":[0,0,0],"11":[0,0],"12":[0,0],"13":[0,0],"14":[0,0],"15":[0,0],"16":[0,0],"17":[0,0],"18":[0,0],"19":[0,0],"20":[0,0],"21":[0,0],"22":[0,0],"23":[0,0],"24":[0,0],"25":[0,0],"26":[0,0],"27":[0,0],"28":[0,0],"29":[0,0],"30":[0,0],"31":[0,0],"32":[0,0],"33":[0,0],"34":[0,0,0,0],"35":[0,0],"36":[0,0],"37":[0,0],"38":[0,0],"39":[0,0],"40":[0,0],"41":[0,0],"42":[0,0]},"_coverageSchema":"1a1c01bbd47fc00a2c39e90264f33305004495a9","hash":"7ed0ba4acdaf275f265ab80b4814ee05b5b18e95"}
,"/home/mattia/Projets dev/Stellaris/src/routes/bookings.js": {"path":"/home/mattia/Projets dev/Stellaris/src/routes/bookings.js","statementMap":{"0":{"start":{"line":1,"column":16},"end":{"line":1,"column":34}},"1":{"start":{"line":2,"column":15},"end":{"line":2,"column":31}},"2":{"start":{"line":3,"column":23},"end":{"line":3,"column":38}},"3":{"start":{"line":4,"column":31},"end":{"line":4,"column":47}},"4":{"start":{"line":5,"column":79},"end":{"line":5,"column":99}},"5":{"start":{"line":6,"column":32},"end":{"line":6,"column":56}},"6":{"start":{"line":7,"column":30},"end":{"line":7,"column":56}},"7":{"start":{"line":8,"column":26},"end":{"line":8,"column":57}},"8":{"start":{"line":9,"column":21},"end":{"line":9,"column":48}},"9":{"start":{"line":12,"column":0},"end":{"line":76,"column":3}},"10":{"start":{"line":13,"column":4},"end":{"line":75,"column":5}},"11":{"start":{"line":14,"column":8},"end":{"line":14,"column":62}},"12":{"start":{"line":15,"column":80},"end":{"line":15,"column":94}},"13":{"start":{"line":16,"column":8},"end":{"line":16,"column":107}},"14":{"start":{"line":16,"column":50},"end":{"line":16,"column":107}},"15":{"start":{"line":18,"column":25},"end":{"line":18,"column":54}},"16":{"start":{"line":19,"column":21},"end":{"line":19,"column":38}},"17":{"start":{"line":20,"column":24},"end":{"line":20,"column":80}},"18":{"start":{"line":21,"column":20},"end":{"line":21,"column":48}},"19":{"start":{"line":23,"column":8},"end":{"line":25,"column":9}},"20":{"start":{"line":24,"column":12},"end":{"line":24,"column":67}},"21":{"start":{"line":27,"column":8},"end":{"line":29,"column":9}},"22":{"start":{"line":28,"column":12},"end":{"line":28,"column":102}},"23":{"start":{"line":31,"column":25},"end":{"line":31,"column":47}},"24":{"start":{"line":32,"column":23},"end":{"line":32,"column":43}},"25":{"start":{"line":33,"column":25},"end":{"line":33,"column":54}},"26":{"start":{"line":34,"column":24},"end":{"line":34,"column":75}},"27":{"start":{"line":35,"column":25},"end":{"line":35,"column":109}},"28":{"start":{"line":36,"column":21},"end":{"line":36,"column":68}},"29":{"start":{"line":36,"column":40},"end":{"line":36,"column":67}},"30":{"start":{"line":37,"column":8},"end":{"line":37,"column":78}},"31":{"start":{"line":37,"column":19},"end":{"line":37,"column":78}},"32":{"start":{"line":39,"column":24},"end":{"line":47,"column":9}},"33":{"start":{"line":49,"column":32},"end":{"line":49,"column":58}},"34":{"start":{"line":50,"column":8},"end":{"line":50,"column":56}},"35":{"start":{"line":52,"column":31},"end":{"line":52,"column":61}},"36":{"start":{"line":53,"column":8},"end":{"line":68,"column":9}},"37":{"start":{"line":54,"column":23},"end":{"line":54,"column":98}},"38":{"start":{"line":55,"column":25},"end":{"line":66,"column":24}},"39":{"start":{"line":67,"column":12},"end":{"line":67,"column":97}},"40":{"start":{"line":70,"column":8},"end":{"line":70,"column":54}},"41":{"start":{"line":71,"column":8},"end":{"line":71,"column":42}},"42":{"start":{"line":73,"column":8},"end":{"line":73,"column":38}},"43":{"start":{"line":74,"column":8},"end":{"line":74,"column":58}},"44":{"start":{"line":78,"column":0},"end":{"line":78,"column":24}}},"fnMap":{"0":{"name":"(anonymous_0)","decl":{"start":{"line":12,"column":17},"end":{"line":12,"column":18}},"loc":{"start":{"line":12,"column":37},"end":{"line":76,"column":1}},"line":12},"1":{"name":"(anonymous_1)","decl":{"start":{"line":36,"column":35},"end":{"line":36,"column":36}},"loc":{"start":{"line":36,"column":40},"end":{"line":36,"column":67}},"line":36}},"branchMap":{"0":{"loc":{"start":{"line":15,"column":80},"end":{"line":15,"column":94}},"type":"binary-expr","locations":[{"start":{"line":15,"column":80},"end":{"line":15,"column":88}},{"start":{"line":15,"column":92},"end":{"line":15,"column":94}}],"line":15},"1":{"loc":{"start":{"line":16,"column":8},"end":{"line":16,"column":107}},"type":"if","locations":[{"start":{"line":16,"column":8},"end":{"line":16,"column":107}},{"start":{},"end":{}}],"line":16},"2":{"loc":{"start":{"line":16,"column":12},"end":{"line":16,"column":48}},"type":"binary-expr","locations":[{"start":{"line":16,"column":12},"end":{"line":16,"column":17}},{"start":{"line":16,"column":21},"end":{"line":16,"column":27}},{"start":{"line":16,"column":31},"end":{"line":16,"column":37}},{"start":{"line":16,"column":41},"end":{"line":16,"column":48}}],"line":16},"3":{"loc":{"start":{"line":20,"column":24},"end":{"line":20,"column":80}},"type":"cond-expr","locations":[{"start":{"line":20,"column":36},"end":{"line":20,"column":73}},{"start":{"line":20,"column":76},"end":{"line":20,"column":80}}],"line":20},"4":{"loc":{"start":{"line":23,"column":8},"end":{"line":25,"column":9}},"type":"if","locations":[{"start":{"line":23,"column":8},"end":{"line":25,"column":9}},{"start":{},"end":{}}],"line":23},"5":{"loc":{"start":{"line":23,"column":12},"end":{"line":23,"column":40}},"type":"binary-expr","locations":[{"start":{"line":23,"column":12},"end":{"line":23,"column":20}},{"start":{"line":23,"column":24},"end":{"line":23,"column":40}}],"line":23},"6":{"loc":{"start":{"line":27,"column":8},"end":{"line":29,"column":9}},"type":"if","locations":[{"start":{"line":27,"column":8},"end":{"line":29,"column":9}},{"start":{},"end":{}}],"line":27},"7":{"loc":{"start":{"line":34,"column":32},"end":{"line":34,"column":74}},"type":"binary-expr","locations":[{"start":{"line":34,"column":33},"end":{"line":34,"column":67}},{"start":{"line":34,"column":72},"end":{"line":34,"column":74}}],"line":34},"8":{"loc":{"start":{"line":37,"column":8},"end":{"line":37,"column":78}},"type":"if","locations":[{"start":{"line":37,"column":8},"end":{"line":37,"column":78}},{"start":{},"end":{}}],"line":37},"9":{"loc":{"start":{"line":41,"column":34},"end":{"line":41,"column":49}},"type":"binary-expr","locations":[{"start":{"line":41,"column":34},"end":{"line":41,"column":41}},{"start":{"line":41,"column":45},"end":{"line":41,"column":49}}],"line":41},"10":{"loc":{"start":{"line":41,"column":79},"end":{"line":41,"column":98}},"type":"binary-expr","locations":[{"start":{"line":41,"column":79},"end":{"line":41,"column":90}},{"start":{"line":41,"column":94},"end":{"line":41,"column":98}}],"line":41},"11":{"loc":{"start":{"line":53,"column":8},"end":{"line":68,"column":9}},"type":"if","locations":[{"start":{"line":53,"column":8},"end":{"line":68,"column":9}},{"start":{},"end":{}}],"line":53},"12":{"loc":{"start":{"line":61,"column":29},"end":{"line":61,"column":43}},"type":"binary-expr","locations":[{"start":{"line":61,"column":29},"end":{"line":61,"column":36}},{"start":{"line":61,"column":40},"end":{"line":61,"column":43}}],"line":61}},"s":{"0":2,"1":2,"2":2,"3":2,"4":2,"5":2,"6":2,"7":2,"8":2,"9":2,"10":6,"11":6,"12":6,"13":6,"14":4,"15":2,"16":2,"17":2,"18":2,"19":2,"20":2,"21":0,"22":0,"23":0,"24":0,"25":0,"26":0,"27":0,"28":0,"29":0,"30":0,"31":0,"32":0,"33":0,"34":0,"35":0,"36":0,"37":0,"38":0,"39":0,"40":0,"41":0,"42":0,"43":0,"44":2},"f":{"0":6,"1":0},"b":{"0":[6,0],"1":[4,2],"2":[6,5,4,3],"3":[1,1],"4":[2,0],"5":[2,1],"6":[0,0],"7":[0,0],"8":[0,0],"9":[0,0],"10":[0,0],"11":[0,0],"12":[0,0]},"_coverageSchema":"1a1c01bbd47fc00a2c39e90264f33305004495a9","hash":"96b33931eddd72e1c86924da82253c46325b3904"}
,"/home/mattia/Projets dev/Stellaris/src/routes/health.js": {"path":"/home/mattia/Projets dev/Stellaris/src/routes/health.js","statementMap":{"0":{"start":{"line":1,"column":16},"end":{"line":1,"column":34}},"1":{"start":{"line":2,"column":15},"end":{"line":2,"column":31}},"2":{"start":{"line":3,"column":21},"end":{"line":3,"column":47}},"3":{"start":{"line":5,"column":0},"end":{"line":8,"column":3}},"4":{"start":{"line":6,"column":4},"end":{"line":6,"column":29}},"5":{"start":{"line":7,"column":4},"end":{"line":7,"column":68}},"6":{"start":{"line":10,"column":0},"end":{"line":10,"column":24}}},"fnMap":{"0":{"name":"(anonymous_0)","decl":{"start":{"line":5,"column":16},"end":{"line":5,"column":17}},"loc":{"start":{"line":5,"column":31},"end":{"line":8,"column":1}},"line":5}},"branchMap":{},"s":{"0":2,"1":2,"2":2,"3":2,"4":12,"5":12,"6":2},"f":{"0":12},"b":{},"_coverageSchema":"1a1c01bbd47fc00a2c39e90264f33305004495a9","hash":"b9aeedd18239b71fe0decb87ea7db03390e00cd8"}
,"/home/mattia/Projets dev/Stellaris/src/routes/slots.js": {"path":"/home/mattia/Projets dev/Stellaris/src/routes/slots.js","statementMap":{"0":{"start":{"line":1,"column":16},"end":{"line":1,"column":34}},"1":{"start":{"line":2,"column":15},"end":{"line":2,"column":31}},"2":{"start":{"line":3,"column":31},"end":{"line":3,"column":47}},"3":{"start":{"line":4,"column":61},"end":{"line":4,"column":81}},"4":{"start":{"line":5,"column":21},"end":{"line":5,"column":45}},"5":{"start":{"line":6,"column":40},"end":{"line":6,"column":66}},"6":{"start":{"line":7,"column":43},"end":{"line":7,"column":74}},"7":{"start":{"line":10,"column":0},"end":{"line":33,"column":3}},"8":{"start":{"line":11,"column":4},"end":{"line":32,"column":5}},"9":{"start":{"line":12,"column":8},"end":{"line":12,"column":42}},"10":{"start":{"line":13,"column":25},"end":{"line":13,"column":54}},"11":{"start":{"line":14,"column":21},"end":{"line":14,"column":38}},"12":{"start":{"line":15,"column":24},"end":{"line":15,"column":38}},"13":{"start":{"line":16,"column":22},"end":{"line":16,"column":34}},"14":{"start":{"line":17,"column":21},"end":{"line":17,"column":97}},"15":{"start":{"line":18,"column":19},"end":{"line":18,"column":86}},"16":{"start":{"line":19,"column":8},"end":{"line":19,"column":112}},"17":{"start":{"line":19,"column":56},"end":{"line":19,"column":112}},"18":{"start":{"line":20,"column":25},"end":{"line":20,"column":54}},"19":{"start":{"line":21,"column":24},"end":{"line":21,"column":75}},"20":{"start":{"line":22,"column":22},"end":{"line":22,"column":98}},"21":{"start":{"line":23,"column":24},"end":{"line":23,"column":69}},"22":{"start":{"line":24,"column":8},"end":{"line":26,"column":9}},"23":{"start":{"line":25,"column":12},"end":{"line":25,"column":58}},"24":{"start":{"line":27,"column":8},"end":{"line":27,"column":55}},"25":{"start":{"line":28,"column":8},"end":{"line":28,"column":28}},"26":{"start":{"line":30,"column":8},"end":{"line":30,"column":36}},"27":{"start":{"line":31,"column":8},"end":{"line":31,"column":56}},"28":{"start":{"line":36,"column":0},"end":{"line":56,"column":3}},"29":{"start":{"line":37,"column":4},"end":{"line":55,"column":5}},"30":{"start":{"line":38,"column":8},"end":{"line":38,"column":45}},"31":{"start":{"line":39,"column":25},"end":{"line":39,"column":54}},"32":{"start":{"line":40,"column":21},"end":{"line":40,"column":38}},"33":{"start":{"line":41,"column":24},"end":{"line":41,"column":38}},"34":{"start":{"line":42,"column":22},"end":{"line":42,"column":34}},"35":{"start":{"line":43,"column":21},"end":{"line":43,"column":97}},"36":{"start":{"line":44,"column":19},"end":{"line":44,"column":86}},"37":{"start":{"line":45,"column":8},"end":{"line":45,"column":112}},"38":{"start":{"line":45,"column":56},"end":{"line":45,"column":112}},"39":{"start":{"line":46,"column":25},"end":{"line":46,"column":54}},"40":{"start":{"line":47,"column":24},"end":{"line":47,"column":75}},"41":{"start":{"line":48,"column":22},"end":{"line":48,"column":98}},"42":{"start":{"line":49,"column":24},"end":{"line":49,"column":52}},"43":{"start":{"line":50,"column":8},"end":{"line":50,"column":59}},"44":{"start":{"line":51,"column":8},"end":{"line":51,"column":33}},"45":{"start":{"line":53,"column":8},"end":{"line":53,"column":44}},"46":{"start":{"line":54,"column":8},"end":{"line":54,"column":64}},"47":{"start":{"line":59,"column":0},"end":{"line":76,"column":3}},"48":{"start":{"line":60,"column":4},"end":{"line":75,"column":5}},"49":{"start":{"line":61,"column":8},"end":{"line":61,"column":31}},"50":{"start":{"line":62,"column":25},"end":{"line":62,"column":54}},"51":{"start":{"line":63,"column":21},"end":{"line":63,"column":38}},"52":{"start":{"line":64,"column":21},"end":{"line":64,"column":49}},"53":{"start":{"line":65,"column":19},"end":{"line":65,"column":42}},"54":{"start":{"line":66,"column":25},"end":{"line":66,"column":54}},"55":{"start":{"line":67,"column":24},"end":{"line":67,"column":75}},"56":{"start":{"line":68,"column":22},"end":{"line":68,"column":98}},"57":{"start":{"line":69,"column":21},"end":{"line":69,"column":37}},"58":{"start":{"line":70,"column":8},"end":{"line":70,"column":58}},"59":{"start":{"line":71,"column":8},"end":{"line":71,"column":27}},"60":{"start":{"line":73,"column":8},"end":{"line":73,"column":40}},"61":{"start":{"line":74,"column":8},"end":{"line":74,"column":60}},"62":{"start":{"line":78,"column":0},"end":{"line":78,"column":24}}},"fnMap":{"0":{"name":"(anonymous_0)","decl":{"start":{"line":10,"column":16},"end":{"line":10,"column":17}},"loc":{"start":{"line":10,"column":36},"end":{"line":33,"column":1}},"line":10},"1":{"name":"(anonymous_1)","decl":{"start":{"line":36,"column":23},"end":{"line":36,"column":24}},"loc":{"start":{"line":36,"column":43},"end":{"line":56,"column":1}},"line":36},"2":{"name":"(anonymous_2)","decl":{"start":{"line":59,"column":20},"end":{"line":59,"column":21}},"loc":{"start":{"line":59,"column":41},"end":{"line":76,"column":1}},"line":59}},"branchMap":{"0":{"loc":{"start":{"line":17,"column":21},"end":{"line":17,"column":97}},"type":"cond-expr","locations":[{"start":{"line":17,"column":31},"end":{"line":17,"column":66}},{"start":{"line":17,"column":69},"end":{"line":17,"column":97}}],"line":17},"1":{"loc":{"start":{"line":18,"column":19},"end":{"line":18,"column":86}},"type":"cond-expr","locations":[{"start":{"line":18,"column":27},"end":{"line":18,"column":60}},{"start":{"line":18,"column":63},"end":{"line":18,"column":86}}],"line":18},"2":{"loc":{"start":{"line":19,"column":8},"end":{"line":19,"column":112}},"type":"if","locations":[{"start":{"line":19,"column":8},"end":{"line":19,"column":112}},{"start":{},"end":{}}],"line":19},"3":{"loc":{"start":{"line":19,"column":12},"end":{"line":19,"column":54}},"type":"binary-expr","locations":[{"start":{"line":19,"column":12},"end":{"line":19,"column":25}},{"start":{"line":19,"column":29},"end":{"line":19,"column":40}},{"start":{"line":19,"column":44},"end":{"line":19,"column":54}}],"line":19},"4":{"loc":{"start":{"line":21,"column":32},"end":{"line":21,"column":74}},"type":"binary-expr","locations":[{"start":{"line":21,"column":33},"end":{"line":21,"column":67}},{"start":{"line":21,"column":72},"end":{"line":21,"column":74}}],"line":21},"5":{"loc":{"start":{"line":23,"column":31},"end":{"line":23,"column":54}},"type":"binary-expr","locations":[{"start":{"line":23,"column":31},"end":{"line":23,"column":48}},{"start":{"line":23,"column":52},"end":{"line":23,"column":54}}],"line":23},"6":{"loc":{"start":{"line":24,"column":8},"end":{"line":26,"column":9}},"type":"if","locations":[{"start":{"line":24,"column":8},"end":{"line":26,"column":9}},{"start":{},"end":{}}],"line":24},"7":{"loc":{"start":{"line":24,"column":12},"end":{"line":24,"column":49}},"type":"binary-expr","locations":[{"start":{"line":24,"column":12},"end":{"line":24,"column":27}},{"start":{"line":24,"column":31},"end":{"line":24,"column":49}}],"line":24},"8":{"loc":{"start":{"line":43,"column":21},"end":{"line":43,"column":97}},"type":"cond-expr","locations":[{"start":{"line":43,"column":31},"end":{"line":43,"column":66}},{"start":{"line":43,"column":69},"end":{"line":43,"column":97}}],"line":43},"9":{"loc":{"start":{"line":44,"column":19},"end":{"line":44,"column":86}},"type":"cond-expr","locations":[{"start":{"line":44,"column":27},"end":{"line":44,"column":60}},{"start":{"line":44,"column":63},"end":{"line":44,"column":86}}],"line":44},"10":{"loc":{"start":{"line":45,"column":8},"end":{"line":45,"column":112}},"type":"if","locations":[{"start":{"line":45,"column":8},"end":{"line":45,"column":112}},{"start":{},"end":{}}],"line":45},"11":{"loc":{"start":{"line":45,"column":12},"end":{"line":45,"column":54}},"type":"binary-expr","locations":[{"start":{"line":45,"column":12},"end":{"line":45,"column":25}},{"start":{"line":45,"column":29},"end":{"line":45,"column":40}},{"start":{"line":45,"column":44},"end":{"line":45,"column":54}}],"line":45},"12":{"loc":{"start":{"line":47,"column":32},"end":{"line":47,"column":74}},"type":"binary-expr","locations":[{"start":{"line":47,"column":33},"end":{"line":47,"column":67}},{"start":{"line":47,"column":72},"end":{"line":47,"column":74}}],"line":47},"13":{"loc":{"start":{"line":67,"column":32},"end":{"line":67,"column":74}},"type":"binary-expr","locations":[{"start":{"line":67,"column":33},"end":{"line":67,"column":67}},{"start":{"line":67,"column":72},"end":{"line":67,"column":74}}],"line":67},"14":{"loc":{"start":{"line":69,"column":21},"end":{"line":69,"column":37}},"type":"binary-expr","locations":[{"start":{"line":69,"column":21},"end":{"line":69,"column":29}},{"start":{"line":69,"column":33},"end":{"line":69,"column":37}}],"line":69},"15":{"loc":{"start":{"line":70,"column":37},"end":{"line":70,"column":56}},"type":"binary-expr","locations":[{"start":{"line":70,"column":37},"end":{"line":70,"column":48}},{"start":{"line":70,"column":52},"end":{"line":70,"column":56}}],"line":70}},"s":{"0":2,"1":2,"2":2,"3":2,"4":2,"5":2,"6":2,"7":2,"8":3,"9":3,"10":3,"11":3,"12":3,"13":3,"14":3,"15":3,"16":3,"17":0,"18":3,"19":3,"20":3,"21":3,"22":3,"23":2,"24":1,"25":1,"26":0,"27":0,"28":2,"29":2,"30":2,"31":2,"32":2,"33":2,"34":2,"35":2,"36":2,"37":2,"38":0,"39":2,"40":2,"41":2,"42":2,"43":2,"44":2,"45":0,"46":0,"47":2,"48":1,"49":1,"50":1,"51":1,"52":1,"53":1,"54":1,"55":1,"56":1,"57":1,"58":1,"59":1,"60":0,"61":0,"62":2},"f":{"0":3,"1":2,"2":1},"b":{"0":[0,3],"1":[0,3],"2":[0,3],"3":[3,3,3],"4":[3,0],"5":[3,1],"6":[2,1],"7":[3,2],"8":[0,2],"9":[0,2],"10":[0,2],"11":[2,2,2],"12":[2,0],"13":[1,0],"14":[1,0],"15":[1,0]},"_coverageSchema":"1a1c01bbd47fc00a2c39e90264f33305004495a9","hash":"a5ab55321372550fe7614a3f0007aa025f1d256e"}
,"/home/mattia/Projets dev/Stellaris/src/services/fileQueue.js": {"path":"/home/mattia/Projets dev/Stellaris/src/services/fileQueue.js","statementMap":{"0":{"start":{"line":2,"column":19},"end":{"line":2,"column":28}},"1":{"start":{"line":5,"column":17},"end":{"line":5,"column":58}},"2":{"start":{"line":6,"column":17},"end":{"line":6,"column":59}},"3":{"start":{"line":6,"column":48},"end":{"line":6,"column":56}},"4":{"start":{"line":7,"column":4},"end":{"line":9,"column":8}},"5":{"start":{"line":8,"column":8},"end":{"line":8,"column":67}},"6":{"start":{"line":8,"column":43},"end":{"line":8,"column":67}},"7":{"start":{"line":10,"column":4},"end":{"line":10,"column":16}},"8":{"start":{"line":13,"column":0},"end":{"line":13,"column":29}}},"fnMap":{"0":{"name":"enqueue","decl":{"start":{"line":4,"column":9},"end":{"line":4,"column":16}},"loc":{"start":{"line":4,"column":29},"end":{"line":11,"column":1}},"line":4},"1":{"name":"(anonymous_1)","decl":{"start":{"line":6,"column":39},"end":{"line":6,"column":40}},"loc":{"start":{"line":6,"column":46},"end":{"line":6,"column":58}},"line":6},"2":{"name":"(anonymous_2)","decl":{"start":{"line":7,"column":38},"end":{"line":7,"column":39}},"loc":{"start":{"line":7,"column":44},"end":{"line":9,"column":5}},"line":7}},"branchMap":{"0":{"loc":{"start":{"line":5,"column":17},"end":{"line":5,"column":58}},"type":"binary-expr","locations":[{"start":{"line":5,"column":17},"end":{"line":5,"column":37}},{"start":{"line":5,"column":41},"end":{"line":5,"column":58}}],"line":5},"1":{"loc":{"start":{"line":8,"column":8},"end":{"line":8,"column":67}},"type":"if","locations":[{"start":{"line":8,"column":8},"end":{"line":8,"column":67}},{"start":{},"end":{}}],"line":8}},"s":{"0":4,"1":2,"2":2,"3":0,"4":2,"5":2,"6":0,"7":2,"8":4},"f":{"0":2,"1":0,"2":2},"b":{"0":[2,2],"1":[0,2]},"_coverageSchema":"1a1c01bbd47fc00a2c39e90264f33305004495a9","hash":"9e27303f94d354a4ded962bbcbef9edafaf3dfc1"}
,"/home/mattia/Projets dev/Stellaris/src/services/mail.js": {"path":"/home/mattia/Projets dev/Stellaris/src/services/mail.js","statementMap":{"0":{"start":{"line":1,"column":19},"end":{"line":1,"column":40}},"1":{"start":{"line":3,"column":20},"end":{"line":3,"column":24}},"2":{"start":{"line":6,"column":4},"end":{"line":6,"column":53}},"3":{"start":{"line":6,"column":32},"end":{"line":6,"column":53}},"4":{"start":{"line":7,"column":17},"end":{"line":7,"column":38}},"5":{"start":{"line":8,"column":4},"end":{"line":8,"column":27}},"6":{"start":{"line":8,"column":15},"end":{"line":8,"column":27}},"7":{"start":{"line":9,"column":17},"end":{"line":9,"column":53}},"8":{"start":{"line":10,"column":19},"end":{"line":10,"column":86}},"9":{"start":{"line":11,"column":17},"end":{"line":11,"column":38}},"10":{"start":{"line":12,"column":17},"end":{"line":12,"column":38}},"11":{"start":{"line":13,"column":4},"end":{"line":18,"column":7}},"12":{"start":{"line":19,"column":4},"end":{"line":19,"column":25}},"13":{"start":{"line":23,"column":22},"end":{"line":23,"column":40}},"14":{"start":{"line":24,"column":4},"end":{"line":27,"column":5}},"15":{"start":{"line":25,"column":8},"end":{"line":25,"column":71}},"16":{"start":{"line":26,"column":8},"end":{"line":26,"column":15}},"17":{"start":{"line":28,"column":17},"end":{"line":28,"column":68}},"18":{"start":{"line":29,"column":4},"end":{"line":33,"column":5}},"19":{"start":{"line":30,"column":8},"end":{"line":30,"column":67}},"20":{"start":{"line":32,"column":8},"end":{"line":32,"column":48}},"21":{"start":{"line":36,"column":0},"end":{"line":36,"column":30}}},"fnMap":{"0":{"name":"getMailTransport","decl":{"start":{"line":5,"column":9},"end":{"line":5,"column":25}},"loc":{"start":{"line":5,"column":28},"end":{"line":20,"column":1}},"line":5},"1":{"name":"sendMail","decl":{"start":{"line":22,"column":15},"end":{"line":22,"column":23}},"loc":{"start":{"line":22,"column":33},"end":{"line":34,"column":1}},"line":22}},"branchMap":{"0":{"loc":{"start":{"line":6,"column":4},"end":{"line":6,"column":53}},"type":"if","locations":[{"start":{"line":6,"column":4},"end":{"line":6,"column":53}},{"start":{},"end":{}}],"line":6},"1":{"loc":{"start":{"line":8,"column":4},"end":{"line":8,"column":27}},"type":"if","locations":[{"start":{"line":8,"column":4},"end":{"line":8,"column":27}},{"start":{},"end":{}}],"line":8},"2":{"loc":{"start":{"line":9,"column":24},"end":{"line":9,"column":52}},"type":"binary-expr","locations":[{"start":{"line":9,"column":24},"end":{"line":9,"column":45}},{"start":{"line":9,"column":49},"end":{"line":9,"column":52}}],"line":9},"3":{"loc":{"start":{"line":10,"column":26},"end":{"line":10,"column":60}},"type":"binary-expr","locations":[{"start":{"line":10,"column":26},"end":{"line":10,"column":49}},{"start":{"line":10,"column":53},"end":{"line":10,"column":60}}],"line":10},"4":{"loc":{"start":{"line":17,"column":14},"end":{"line":17,"column":47}},"type":"cond-expr","locations":[{"start":{"line":17,"column":21},"end":{"line":17,"column":35}},{"start":{"line":17,"column":38},"end":{"line":17,"column":47}}],"line":17},"5":{"loc":{"start":{"line":24,"column":4},"end":{"line":27,"column":5}},"type":"if","locations":[{"start":{"line":24,"column":4},"end":{"line":27,"column":5}},{"start":{},"end":{}}],"line":24},"6":{"loc":{"start":{"line":28,"column":17},"end":{"line":28,"column":68}},"type":"binary-expr","locations":[{"start":{"line":28,"column":17},"end":{"line":28,"column":38}},{"start":{"line":28,"column":42},"end":{"line":28,"column":68}}],"line":28}},"s":{"0":2,"1":2,"2":0,"3":0,"4":0,"5":0,"6":0,"7":0,"8":0,"9":0,"10":0,"11":0,"12":0,"13":0,"14":0,"15":0,"16":0,"17":0,"18":0,"19":0,"20":0,"21":2},"f":{"0":0,"1":0},"b":{"0":[0,0],"1":[0,0],"2":[0,0],"3":[0,0],"4":[0,0],"5":[0,0],"6":[0,0]},"_coverageSchema":"1a1c01bbd47fc00a2c39e90264f33305004495a9","hash":"948fd6b71648b037c4b0cc986b0b8a2992dc4e36"}
,"/home/mattia/Projets dev/Stellaris/src/services/schedule.js": {"path":"/home/mattia/Projets dev/Stellaris/src/services/schedule.js","statementMap":{"0":{"start":{"line":1,"column":31},"end":{"line":1,"column":47}},"1":{"start":{"line":2,"column":29},"end":{"line":2,"column":49}},"2":{"start":{"line":5,"column":16},"end":{"line":5,"column":88}},"3":{"start":{"line":6,"column":4},"end":{"line":6,"column":24}},"4":{"start":{"line":10,"column":4},"end":{"line":10,"column":75}},"5":{"start":{"line":10,"column":49},"end":{"line":10,"column":75}},"6":{"start":{"line":11,"column":84},"end":{"line":11,"column":91}},"7":{"start":{"line":12,"column":4},"end":{"line":12,"column":79}},"8":{"start":{"line":12,"column":51},"end":{"line":12,"column":79}},"9":{"start":{"line":13,"column":4},"end":{"line":13,"column":96}},"10":{"start":{"line":13,"column":58},"end":{"line":13,"column":96}},"11":{"start":{"line":14,"column":4},"end":{"line":14,"column":93}},"12":{"start":{"line":14,"column":56},"end":{"line":14,"column":93}},"13":{"start":{"line":15,"column":4},"end":{"line":15,"column":66}},"14":{"start":{"line":15,"column":43},"end":{"line":15,"column":66}},"15":{"start":{"line":16,"column":17},"end":{"line":16,"column":66}},"16":{"start":{"line":17,"column":4},"end":{"line":22,"column":5}},"17":{"start":{"line":18,"column":8},"end":{"line":18,"column":90}},"18":{"start":{"line":18,"column":37},"end":{"line":18,"column":90}},"19":{"start":{"line":19,"column":8},"end":{"line":21,"column":9}},"20":{"start":{"line":20,"column":12},"end":{"line":20,"column":79}},"21":{"start":{"line":20,"column":40},"end":{"line":20,"column":79}},"22":{"start":{"line":23,"column":4},"end":{"line":23,"column":83}},"23":{"start":{"line":23,"column":54},"end":{"line":23,"column":83}},"24":{"start":{"line":24,"column":4},"end":{"line":24,"column":16}},"25":{"start":{"line":28,"column":17},"end":{"line":28,"column":48}},"26":{"start":{"line":29,"column":16},"end":{"line":29,"column":32}},"27":{"start":{"line":30,"column":15},"end":{"line":32,"column":14}},"28":{"start":{"line":33,"column":19},"end":{"line":33,"column":63}},"29":{"start":{"line":34,"column":22},"end":{"line":34,"column":24}},"30":{"start":{"line":35,"column":4},"end":{"line":39,"column":5}},"31":{"start":{"line":36,"column":22},"end":{"line":36,"column":88}},"32":{"start":{"line":37,"column":20},"end":{"line":37,"column":84}},"33":{"start":{"line":38,"column":8},"end":{"line":38,"column":76}},"34":{"start":{"line":38,"column":25},"end":{"line":38,"column":76}},"35":{"start":{"line":40,"column":4},"end":{"line":40,"column":21}},"36":{"start":{"line":44,"column":18},"end":{"line":44,"column":20}},"37":{"start":{"line":45,"column":17},"end":{"line":45,"column":58}},"38":{"start":{"line":46,"column":16},"end":{"line":46,"column":57}},"39":{"start":{"line":47,"column":21},"end":{"line":47,"column":78}},"40":{"start":{"line":48,"column":19},"end":{"line":48,"column":28}},"41":{"start":{"line":49,"column":4},"end":{"line":53,"column":5}},"42":{"start":{"line":50,"column":19},"end":{"line":50,"column":77}},"43":{"start":{"line":51,"column":20},"end":{"line":51,"column":30}},"44":{"start":{"line":52,"column":8},"end":{"line":52,"column":52}},"45":{"start":{"line":55,"column":17},"end":{"line":55,"column":43}},"46":{"start":{"line":56,"column":19},"end":{"line":56,"column":41}},"47":{"start":{"line":57,"column":4},"end":{"line":89,"column":5}},"48":{"start":{"line":58,"column":29},"end":{"line":58,"column":64}},"49":{"start":{"line":59,"column":8},"end":{"line":87,"column":9}},"50":{"start":{"line":60,"column":20},"end":{"line":60,"column":29}},"51":{"start":{"line":61,"column":31},"end":{"line":61,"column":70}},"52":{"start":{"line":62,"column":12},"end":{"line":64,"column":13}},"53":{"start":{"line":63,"column":16},"end":{"line":63,"column":100}},"54":{"start":{"line":65,"column":12},"end":{"line":86,"column":13}},"55":{"start":{"line":66,"column":32},"end":{"line":66,"column":44}},"56":{"start":{"line":67,"column":16},"end":{"line":67,"column":45}},"57":{"start":{"line":67,"column":39},"end":{"line":67,"column":45}},"58":{"start":{"line":68,"column":16},"end":{"line":84,"column":17}},"59":{"start":{"line":69,"column":32},"end":{"line":69,"column":41}},"60":{"start":{"line":70,"column":20},"end":{"line":73,"column":21}},"61":{"start":{"line":71,"column":24},"end":{"line":71,"column":41}},"62":{"start":{"line":72,"column":24},"end":{"line":72,"column":33}},"63":{"start":{"line":74,"column":35},"end":{"line":74,"column":55}},"64":{"start":{"line":75,"column":38},"end":{"line":75,"column":87}},"65":{"start":{"line":76,"column":20},"end":{"line":83,"column":21}},"66":{"start":{"line":77,"column":24},"end":{"line":82,"column":27}},"67":{"start":{"line":85,"column":16},"end":{"line":85,"column":33}},"68":{"start":{"line":88,"column":8},"end":{"line":88,"column":42}},"69":{"start":{"line":90,"column":4},"end":{"line":90,"column":55}},"70":{"start":{"line":90,"column":26},"end":{"line":90,"column":52}},"71":{"start":{"line":91,"column":4},"end":{"line":91,"column":17}},"72":{"start":{"line":95,"column":19},"end":{"line":95,"column":28}},"73":{"start":{"line":96,"column":4},"end":{"line":100,"column":5}},"74":{"start":{"line":97,"column":18},"end":{"line":97,"column":75}},"75":{"start":{"line":98,"column":8},"end":{"line":98,"column":46}},"76":{"start":{"line":98,"column":28},"end":{"line":98,"column":46}},"77":{"start":{"line":99,"column":8},"end":{"line":99,"column":30}},"78":{"start":{"line":101,"column":17},"end":{"line":103,"column":55}},"79":{"start":{"line":102,"column":25},"end":{"line":102,"column":45}},"80":{"start":{"line":103,"column":32},"end":{"line":103,"column":53}},"81":{"start":{"line":104,"column":4},"end":{"line":104,"column":20}},"82":{"start":{"line":107,"column":0},"end":{"line":113,"column":2}}},"fnMap":{"0":{"name":"dayKeyFromWeekday","decl":{"start":{"line":4,"column":9},"end":{"line":4,"column":26}},"loc":{"start":{"line":4,"column":36},"end":{"line":7,"column":1}},"line":4},"1":{"name":"validateSchedule","decl":{"start":{"line":9,"column":9},"end":{"line":9,"column":25}},"loc":{"start":{"line":9,"column":35},"end":{"line":25,"column":1}},"line":9},"2":{"name":"buildDayIntervals","decl":{"start":{"line":27,"column":9},"end":{"line":27,"column":26}},"loc":{"start":{"line":27,"column":43},"end":{"line":41,"column":1}},"line":27},"3":{"name":"generateSlots","decl":{"start":{"line":43,"column":9},"end":{"line":43,"column":22}},"loc":{"start":{"line":43,"column":112},"end":{"line":92,"column":1}},"line":43},"4":{"name":"(anonymous_4)","decl":{"start":{"line":90,"column":15},"end":{"line":90,"column":16}},"loc":{"start":{"line":90,"column":26},"end":{"line":90,"column":52}},"line":90},"5":{"name":"groupSlotsByDay","decl":{"start":{"line":94,"column":9},"end":{"line":94,"column":24}},"loc":{"start":{"line":94,"column":42},"end":{"line":105,"column":1}},"line":94},"6":{"name":"(anonymous_6)","decl":{"start":{"line":102,"column":14},"end":{"line":102,"column":15}},"loc":{"start":{"line":102,"column":25},"end":{"line":102,"column":45}},"line":102},"7":{"name":"(anonymous_7)","decl":{"start":{"line":103,"column":13},"end":{"line":103,"column":14}},"loc":{"start":{"line":103,"column":32},"end":{"line":103,"column":53}},"line":103}},"branchMap":{"0":{"loc":{"start":{"line":10,"column":4},"end":{"line":10,"column":75}},"type":"if","locations":[{"start":{"line":10,"column":4},"end":{"line":10,"column":75}},{"start":{},"end":{}}],"line":10},"1":{"loc":{"start":{"line":10,"column":8},"end":{"line":10,"column":47}},"type":"binary-expr","locations":[{"start":{"line":10,"column":8},"end":{"line":10,"column":16}},{"start":{"line":10,"column":20},"end":{"line":10,"column":47}}],"line":10},"2":{"loc":{"start":{"line":12,"column":4},"end":{"line":12,"column":79}},"type":"if","locations":[{"start":{"line":12,"column":4},"end":{"line":12,"column":79}},{"start":{},"end":{}}],"line":12},"3":{"loc":{"start":{"line":12,"column":8},"end":{"line":12,"column":49}},"type":"binary-expr","locations":[{"start":{"line":12,"column":8},"end":{"line":12,"column":17}},{"start":{"line":12,"column":21},"end":{"line":12,"column":49}}],"line":12},"4":{"loc":{"start":{"line":13,"column":4},"end":{"line":13,"column":96}},"type":"if","locations":[{"start":{"line":13,"column":4},"end":{"line":13,"column":96}},{"start":{},"end":{}}],"line":13},"5":{"loc":{"start":{"line":13,"column":8},"end":{"line":13,"column":56}},"type":"binary-expr","locations":[{"start":{"line":13,"column":8},"end":{"line":13,"column":28}},{"start":{"line":13,"column":32},"end":{"line":13,"column":56}}],"line":13},"6":{"loc":{"start":{"line":14,"column":4},"end":{"line":14,"column":93}},"type":"if","locations":[{"start":{"line":14,"column":4},"end":{"line":14,"column":93}},{"start":{},"end":{}}],"line":14},"7":{"loc":{"start":{"line":14,"column":8},"end":{"line":14,"column":54}},"type":"binary-expr","locations":[{"start":{"line":14,"column":8},"end":{"line":14,"column":27}},{"start":{"line":14,"column":31},"end":{"line":14,"column":54}}],"line":14},"8":{"loc":{"start":{"line":15,"column":4},"end":{"line":15,"column":66}},"type":"if","locations":[{"start":{"line":15,"column":4},"end":{"line":15,"column":66}},{"start":{},"end":{}}],"line":15},"9":{"loc":{"start":{"line":15,"column":8},"end":{"line":15,"column":41}},"type":"binary-expr","locations":[{"start":{"line":15,"column":8},"end":{"line":15,"column":13}},{"start":{"line":15,"column":17},"end":{"line":15,"column":41}}],"line":15},"10":{"loc":{"start":{"line":18,"column":8},"end":{"line":18,"column":90}},"type":"if","locations":[{"start":{"line":18,"column":8},"end":{"line":18,"column":90}},{"start":{},"end":{}}],"line":18},"11":{"loc":{"start":{"line":20,"column":12},"end":{"line":20,"column":79}},"type":"if","locations":[{"start":{"line":20,"column":12},"end":{"line":20,"column":79}},{"start":{},"end":{}}],"line":20},"12":{"loc":{"start":{"line":20,"column":16},"end":{"line":20,"column":38}},"type":"binary-expr","locations":[{"start":{"line":20,"column":16},"end":{"line":20,"column":26}},{"start":{"line":20,"column":30},"end":{"line":20,"column":38}}],"line":20},"13":{"loc":{"start":{"line":23,"column":4},"end":{"line":23,"column":83}},"type":"if","locations":[{"start":{"line":23,"column":4},"end":{"line":23,"column":83}},{"start":{},"end":{}}],"line":23},"14":{"loc":{"start":{"line":23,"column":8},"end":{"line":23,"column":52}},"type":"binary-expr","locations":[{"start":{"line":23,"column":8},"end":{"line":23,"column":18}},{"start":{"line":23,"column":22},"end":{"line":23,"column":52}}],"line":23},"15":{"loc":{"start":{"line":30,"column":15},"end":{"line":32,"column":14}},"type":"cond-expr","locations":[{"start":{"line":31,"column":10},"end":{"line":31,"column":34}},{"start":{"line":32,"column":10},"end":{"line":32,"column":14}}],"line":30},"16":{"loc":{"start":{"line":30,"column":15},"end":{"line":30,"column":100}},"type":"binary-expr","locations":[{"start":{"line":30,"column":15},"end":{"line":30,"column":34}},{"start":{"line":30,"column":38},"end":{"line":30,"column":100}}],"line":30},"17":{"loc":{"start":{"line":33,"column":19},"end":{"line":33,"column":63}},"type":"cond-expr","locations":[{"start":{"line":33,"column":33},"end":{"line":33,"column":35}},{"start":{"line":33,"column":38},"end":{"line":33,"column":63}}],"line":33},"18":{"loc":{"start":{"line":33,"column":38},"end":{"line":33,"column":63}},"type":"binary-expr","locations":[{"start":{"line":33,"column":38},"end":{"line":33,"column":57}},{"start":{"line":33,"column":61},"end":{"line":33,"column":63}}],"line":33},"19":{"loc":{"start":{"line":38,"column":8},"end":{"line":38,"column":76}},"type":"if","locations":[{"start":{"line":38,"column":8},"end":{"line":38,"column":76}},{"start":{},"end":{}}],"line":38},"20":{"loc":{"start":{"line":43,"column":40},"end":{"line":43,"column":61}},"type":"default-arg","locations":[{"start":{"line":43,"column":59},"end":{"line":43,"column":61}}],"line":43},"21":{"loc":{"start":{"line":43,"column":63},"end":{"line":43,"column":85}},"type":"default-arg","locations":[{"start":{"line":43,"column":76},"end":{"line":43,"column":85}}],"line":43},"22":{"loc":{"start":{"line":43,"column":87},"end":{"line":43,"column":110}},"type":"default-arg","locations":[{"start":{"line":43,"column":106},"end":{"line":43,"column":110}}],"line":43},"23":{"loc":{"start":{"line":47,"column":21},"end":{"line":47,"column":78}},"type":"binary-expr","locations":[{"start":{"line":47,"column":21},"end":{"line":47,"column":37}},{"start":{"line":47,"column":41},"end":{"line":47,"column":78}}],"line":47},"24":{"loc":{"start":{"line":52,"column":25},"end":{"line":52,"column":45}},"type":"binary-expr","locations":[{"start":{"line":52,"column":25},"end":{"line":52,"column":40}},{"start":{"line":52,"column":44},"end":{"line":52,"column":45}}],"line":52},"25":{"loc":{"start":{"line":62,"column":12},"end":{"line":64,"column":13}},"type":"if","locations":[{"start":{"line":62,"column":12},"end":{"line":64,"column":13}},{"start":{},"end":{}}],"line":62},"26":{"loc":{"start":{"line":67,"column":16},"end":{"line":67,"column":45}},"type":"if","locations":[{"start":{"line":67,"column":16},"end":{"line":67,"column":45}},{"start":{},"end":{}}],"line":67},"27":{"loc":{"start":{"line":68,"column":16},"end":{"line":84,"column":17}},"type":"if","locations":[{"start":{"line":68,"column":16},"end":{"line":84,"column":17}},{"start":{},"end":{}}],"line":68},"28":{"loc":{"start":{"line":68,"column":20},"end":{"line":68,"column":77}},"type":"binary-expr","locations":[{"start":{"line":68,"column":20},"end":{"line":68,"column":33}},{"start":{"line":68,"column":37},"end":{"line":68,"column":53}},{"start":{"line":68,"column":57},"end":{"line":68,"column":77}}],"line":68},"29":{"loc":{"start":{"line":70,"column":20},"end":{"line":73,"column":21}},"type":"if","locations":[{"start":{"line":70,"column":20},"end":{"line":73,"column":21}},{"start":{},"end":{}}],"line":70},"30":{"loc":{"start":{"line":74,"column":35},"end":{"line":74,"column":55}},"type":"binary-expr","locations":[{"start":{"line":74,"column":35},"end":{"line":74,"column":50}},{"start":{"line":74,"column":54},"end":{"line":74,"column":55}}],"line":74},"31":{"loc":{"start":{"line":76,"column":20},"end":{"line":83,"column":21}},"type":"if","locations":[{"start":{"line":76,"column":20},"end":{"line":83,"column":21}},{"start":{},"end":{}}],"line":76},"32":{"loc":{"start":{"line":90,"column":26},"end":{"line":90,"column":52}},"type":"cond-expr","locations":[{"start":{"line":90,"column":46},"end":{"line":90,"column":48}},{"start":{"line":90,"column":51},"end":{"line":90,"column":52}}],"line":90},"33":{"loc":{"start":{"line":98,"column":8},"end":{"line":98,"column":46}},"type":"if","locations":[{"start":{"line":98,"column":8},"end":{"line":98,"column":46}},{"start":{},"end":{}}],"line":98},"34":{"loc":{"start":{"line":102,"column":25},"end":{"line":102,"column":45}},"type":"cond-expr","locations":[{"start":{"line":102,"column":39},"end":{"line":102,"column":41}},{"start":{"line":102,"column":44},"end":{"line":102,"column":45}}],"line":102}},"s":{"0":4,"1":4,"2":122,"3":122,"4":0,"5":0,"6":0,"7":0,"8":0,"9":0,"10":0,"11":0,"12":0,"13":0,"14":0,"15":0,"16":0,"17":0,"18":0,"19":0,"20":0,"21":0,"22":0,"23":0,"24":0,"25":122,"26":122,"27":122,"28":122,"29":122,"30":122,"31":75,"32":75,"33":75,"34":75,"35":122,"36":8,"37":8,"38":8,"39":8,"40":8,"41":8,"42":24,"43":24,"44":24,"45":8,"46":8,"47":8,"48":122,"49":122,"50":75,"51":75,"52":75,"53":0,"54":75,"55":1292,"56":1292,"57":0,"58":1292,"59":1292,"60":1292,"61":0,"62":0,"63":1292,"64":1292,"65":1292,"66":1266,"67":1292,"68":122,"69":8,"70":1260,"71":8,"72":6,"73":6,"74":715,"75":715,"76":42,"77":715,"78":6,"79":37,"80":42,"81":6,"82":4},"f":{"0":122,"1":0,"2":122,"3":8,"4":1260,"5":6,"6":37,"7":42},"b":{"0":[0,0],"1":[0,0],"2":[0,0],"3":[0,0],"4":[0,0],"5":[0,0],"6":[0,0],"7":[0,0],"8":[0,0],"9":[0,0],"10":[0,0],"11":[0,0],"12":[0,0],"13":[0,0],"14":[0,0],"15":[0,122],"16":[122,122],"17":[0,122],"18":[122,0],"19":[75,0],"20":[2],"21":[2],"22":[8],"23":[8,8],"24":[24,24],"25":[0,75],"26":[0,1292],"27":[1292,0],"28":[1292,1292,1292],"29":[0,1292],"30":[1292,1280],"31":[1266,26],"32":[0,1260],"33":[42,673],"34":[0,37]},"_coverageSchema":"1a1c01bbd47fc00a2c39e90264f33305004495a9","hash":"daaf9dfbfc10379134e367b6e6d79fcfe184b1a2"}
,"/home/mattia/Projets dev/Stellaris/src/utils/json.js": {"path":"/home/mattia/Projets dev/Stellaris/src/utils/json.js","statementMap":{"0":{"start":{"line":1,"column":12},"end":{"line":1,"column":34}},"1":{"start":{"line":2,"column":20},"end":{"line":2,"column":52}},"2":{"start":{"line":5,"column":4},"end":{"line":13,"column":5}},"3":{"start":{"line":6,"column":20},"end":{"line":6,"column":53}},"4":{"start":{"line":7,"column":8},"end":{"line":7,"column":41}},"5":{"start":{"line":9,"column":8},"end":{"line":11,"column":9}},"6":{"start":{"line":10,"column":12},"end":{"line":10,"column":32}},"7":{"start":{"line":12,"column":8},"end":{"line":12,"column":18}},"8":{"start":{"line":17,"column":4},"end":{"line":21,"column":7}},"9":{"start":{"line":18,"column":20},"end":{"line":18,"column":49}},"10":{"start":{"line":19,"column":8},"end":{"line":19,"column":50}},"11":{"start":{"line":20,"column":8},"end":{"line":20,"column":65}},"12":{"start":{"line":24,"column":0},"end":{"line":24,"column":41}}},"fnMap":{"0":{"name":"readJson","decl":{"start":{"line":4,"column":15},"end":{"line":4,"column":23}},"loc":{"start":{"line":4,"column":51},"end":{"line":14,"column":1}},"line":4},"1":{"name":"writeJson","decl":{"start":{"line":16,"column":15},"end":{"line":16,"column":24}},"loc":{"start":{"line":16,"column":37},"end":{"line":22,"column":1}},"line":16},"2":{"name":"(anonymous_2)","decl":{"start":{"line":17,"column":25},"end":{"line":17,"column":26}},"loc":{"start":{"line":17,"column":37},"end":{"line":21,"column":5}},"line":17}},"branchMap":{"0":{"loc":{"start":{"line":4,"column":30},"end":{"line":4,"column":49}},"type":"default-arg","locations":[{"start":{"line":4,"column":45},"end":{"line":4,"column":49}}],"line":4},"1":{"loc":{"start":{"line":7,"column":26},"end":{"line":7,"column":39}},"type":"binary-expr","locations":[{"start":{"line":7,"column":26},"end":{"line":7,"column":29}},{"start":{"line":7,"column":33},"end":{"line":7,"column":39}}],"line":7},"2":{"loc":{"start":{"line":9,"column":8},"end":{"line":11,"column":9}},"type":"if","locations":[{"start":{"line":9,"column":8},"end":{"line":11,"column":9}},{"start":{},"end":{}}],"line":9}},"s":{"0":4,"1":4,"2":23,"3":23,"4":22,"5":1,"6":1,"7":0,"8":2,"9":2,"10":2,"11":2,"12":4},"f":{"0":23,"1":2,"2":2},"b":{"0":[22],"1":[22,0],"2":[1,0]},"_coverageSchema":"1a1c01bbd47fc00a2c39e90264f33305004495a9","hash":"3cc88d5677b7240c9e1b336f13b58a1002e00db5"}
,"/home/mattia/Projets dev/Stellaris/src/utils/logger.js": {"path":"/home/mattia/Projets dev/Stellaris/src/utils/logger.js","statementMap":{"0":{"start":{"line":1,"column":18},"end":{"line":1,"column":71}},"1":{"start":{"line":2,"column":22},"end":{"line":2,"column":103}},"2":{"start":{"line":5,"column":4},"end":{"line":5,"column":40}},"3":{"start":{"line":9,"column":4},"end":{"line":9,"column":43}},"4":{"start":{"line":13,"column":4},"end":{"line":13,"column":41}},"5":{"start":{"line":17,"column":4},"end":{"line":17,"column":62}},"6":{"start":{"line":17,"column":23},"end":{"line":17,"column":62}},"7":{"start":{"line":20,"column":0},"end":{"line":20,"column":58}}},"fnMap":{"0":{"name":"logInfo","decl":{"start":{"line":4,"column":9},"end":{"line":4,"column":16}},"loc":{"start":{"line":4,"column":31},"end":{"line":6,"column":1}},"line":4},"1":{"name":"logError","decl":{"start":{"line":8,"column":9},"end":{"line":8,"column":17}},"loc":{"start":{"line":8,"column":32},"end":{"line":10,"column":1}},"line":8},"2":{"name":"logWarn","decl":{"start":{"line":12,"column":9},"end":{"line":12,"column":16}},"loc":{"start":{"line":12,"column":31},"end":{"line":14,"column":1}},"line":12},"3":{"name":"logDebug","decl":{"start":{"line":16,"column":9},"end":{"line":16,"column":17}},"loc":{"start":{"line":16,"column":32},"end":{"line":18,"column":1}},"line":16}},"branchMap":{"0":{"loc":{"start":{"line":1,"column":25},"end":{"line":1,"column":56}},"type":"binary-expr","locations":[{"start":{"line":1,"column":25},"end":{"line":1,"column":46}},{"start":{"line":1,"column":50},"end":{"line":1,"column":56}}],"line":1},"1":{"loc":{"start":{"line":2,"column":22},"end":{"line":2,"column":103}},"type":"binary-expr","locations":[{"start":{"line":2,"column":22},"end":{"line":2,"column":78}},{"start":{"line":2,"column":82},"end":{"line":2,"column":103}}],"line":2},"2":{"loc":{"start":{"line":2,"column":29},"end":{"line":2,"column":52}},"type":"binary-expr","locations":[{"start":{"line":2,"column":29},"end":{"line":2,"column":46}},{"start":{"line":2,"column":50},"end":{"line":2,"column":52}}],"line":2},"3":{"loc":{"start":{"line":17,"column":4},"end":{"line":17,"column":62}},"type":"if","locations":[{"start":{"line":17,"column":4},"end":{"line":17,"column":62}},{"start":{},"end":{}}],"line":17}},"s":{"0":6,"1":6,"2":11,"3":1,"4":0,"5":20,"6":1,"7":6},"f":{"0":11,"1":1,"2":0,"3":20},"b":{"0":[6,6],"1":[6,5],"2":[6,4],"3":[1,19]},"_coverageSchema":"1a1c01bbd47fc00a2c39e90264f33305004495a9","hash":"0a735b10ddd148ceb3a67d00f27e1db9e1c10967"}
}
