TN:
SF:src/config.js
FNF:0
FNH:0
DA:1,4
DA:3,4
DA:4,4
DA:5,4
DA:7,4
LF:5
LH:5
BRDA:15,0,0,4
BRDA:15,0,1,3
BRF:2
BRH:2
end_of_record
TN:
SF:src/middleware/auth.js
FN:1,requireAdmin
FNF:1
FNH:1
FNDA:4,requireAdmin
DA:2,4
DA:3,4
DA:4,4
DA:5,1
DA:8,2
LF:5
LH:5
BRDA:2,0,0,4
BRDA:2,0,1,1
BRDA:3,1,0,4
BRDA:3,1,1,0
BRDA:4,2,0,3
BRDA:4,2,1,1
BRF:6
BRH:5
end_of_record
TN:
SF:src/routes/admin.js
FN:16,(anonymous_0)
FN:28,(anonymous_1)
FN:42,(anonymous_2)
FN:59,(anonymous_3)
FN:82,(anonymous_4)
FN:89,(anonymous_5)
FN:99,(anonymous_6)
FN:109,(anonymous_7)
FN:121,(anonymous_8)
FN:125,(anonymous_9)
FN:157,(anonymous_10)
FN:161,(anonymous_11)
FN:192,(anonymous_12)
FN:208,(anonymous_13)
FNF:14
FNH:0
FNDA:0,(anonymous_0)
FNDA:0,(anonymous_1)
FNDA:0,(anonymous_2)
FNDA:0,(anonymous_3)
FNDA:0,(anonymous_4)
FNDA:0,(anonymous_5)
FNDA:0,(anonymous_6)
FNDA:0,(anonymous_7)
FNDA:0,(anonymous_8)
FNDA:0,(anonymous_9)
FNDA:0,(anonymous_10)
FNDA:0,(anonymous_11)
FNDA:0,(anonymous_12)
FNDA:0,(anonymous_13)
DA:1,1
DA:2,1
DA:3,1
DA:4,1
DA:5,1
DA:6,1
DA:7,1
DA:8,1
DA:9,1
DA:10,1
DA:13,1
DA:16,1
DA:17,0
DA:18,0
DA:19,0
DA:20,0
DA:22,0
DA:23,0
DA:28,1
DA:29,0
DA:30,0
DA:31,0
DA:32,0
DA:33,0
DA:34,0
DA:36,0
DA:37,0
DA:42,1
DA:43,0
DA:44,0
DA:45,0
DA:46,0
DA:47,0
DA:48,0
DA:49,0
DA:50,0
DA:51,0
DA:53,0
DA:54,0
DA:59,1
DA:60,0
DA:61,0
DA:62,0
DA:63,0
DA:64,0
DA:65,0
DA:66,0
DA:67,0
DA:68,0
DA:69,0
DA:70,0
DA:71,0
DA:72,0
DA:73,0
DA:75,0
DA:77,0
DA:82,1
DA:83,0
DA:84,0
DA:85,0
DA:86,0
DA:87,0
DA:88,0
DA:89,0
DA:90,0
DA:91,0
DA:93,0
DA:94,0
DA:99,1
DA:100,0
DA:101,0
DA:102,0
DA:104,0
DA:109,1
DA:110,0
DA:111,0
DA:112,0
DA:113,0
DA:115,0
DA:116,0
DA:121,1
DA:122,0
DA:123,0
DA:124,0
DA:125,0
DA:126,0
DA:127,0
DA:128,0
DA:130,0
DA:131,0
DA:132,0
DA:133,0
DA:135,0
DA:136,0
DA:137,0
DA:145,0
DA:148,0
DA:149,0
DA:151,0
DA:152,0
DA:157,1
DA:158,0
DA:159,0
DA:160,0
DA:161,0
DA:162,0
DA:163,0
DA:164,0
DA:166,0
DA:167,0
DA:168,0
DA:169,0
DA:170,0
DA:172,0
DA:173,0
DA:174,0
DA:182,0
DA:185,0
DA:187,0
DA:192,1
DA:193,0
DA:194,0
DA:195,0
DA:197,0
DA:198,0
DA:199,0
DA:200,0
DA:201,0
DA:203,0
DA:204,0
DA:205,0
DA:206,0
DA:207,0
DA:208,0
DA:209,0
DA:211,0
DA:222,0
DA:223,0
DA:225,0
DA:226,0
DA:227,0
DA:235,0
DA:238,0
DA:240,0
DA:244,1
LF:145
LH:22
BRDA:31,0,0,0
BRDA:31,0,1,0
BRDA:43,1,0,0
BRDA:43,1,1,0
BRDA:44,2,0,0
BRDA:44,2,1,0
BRDA:45,3,0,0
BRDA:45,3,1,0
BRDA:45,4,0,0
BRDA:45,4,1,0
BRDA:48,5,0,0
BRDA:48,5,1,0
BRDA:49,6,0,0
BRDA:49,6,1,0
BRDA:65,7,0,0
BRDA:65,7,1,0
BRDA:66,8,0,0
BRDA:66,8,1,0
BRDA:67,9,0,0
BRDA:67,9,1,0
BRDA:67,10,0,0
BRDA:67,10,1,0
BRDA:67,10,2,0
BRDA:69,11,0,0
BRDA:69,11,1,0
BRDA:71,12,0,0
BRDA:71,12,1,0
BRDA:72,13,0,0
BRDA:72,13,1,0
BRDA:72,14,0,0
BRDA:72,14,1,0
BRDA:83,15,0,0
BRDA:83,15,1,0
BRDA:84,16,0,0
BRDA:84,16,1,0
BRDA:85,17,0,0
BRDA:85,17,1,0
BRDA:85,18,0,0
BRDA:85,18,1,0
BRDA:88,19,0,0
BRDA:88,19,1,0
BRDA:101,20,0,0
BRDA:101,20,1,0
BRDA:126,21,0,0
BRDA:126,21,1,0
BRDA:128,22,0,0
BRDA:128,22,1,0
BRDA:131,23,0,0
BRDA:131,23,1,0
BRDA:135,24,0,0
BRDA:135,24,1,0
BRDA:159,25,0,0
BRDA:159,25,1,0
BRDA:162,26,0,0
BRDA:162,26,1,0
BRDA:164,27,0,0
BRDA:164,27,1,0
BRDA:167,28,0,0
BRDA:167,28,1,0
BRDA:168,29,0,0
BRDA:168,29,1,0
BRDA:172,30,0,0
BRDA:172,30,1,0
BRDA:178,31,0,0
BRDA:178,31,1,0
BRDA:194,32,0,0
BRDA:194,32,1,0
BRDA:195,33,0,0
BRDA:195,33,1,0
BRDA:195,34,0,0
BRDA:195,34,1,0
BRDA:195,34,2,0
BRDA:195,34,3,0
BRDA:199,35,0,0
BRDA:199,35,1,0
BRDA:201,36,0,0
BRDA:201,36,1,0
BRDA:201,37,0,0
BRDA:201,37,1,0
BRDA:206,38,0,0
BRDA:206,38,1,0
BRDA:209,39,0,0
BRDA:209,39,1,0
BRDA:213,40,0,0
BRDA:213,40,1,0
BRDA:213,41,0,0
BRDA:213,41,1,0
BRDA:225,42,0,0
BRDA:225,42,1,0
BRF:89
BRH:0
end_of_record
TN:
SF:src/routes/bookings.js
FN:12,(anonymous_0)
FN:36,(anonymous_1)
FNF:2
FNH:1
FNDA:6,(anonymous_0)
FNDA:0,(anonymous_1)
DA:1,2
DA:2,2
DA:3,2
DA:4,2
DA:5,2
DA:6,2
DA:7,2
DA:8,2
DA:9,2
DA:12,2
DA:13,6
DA:14,6
DA:15,6
DA:16,6
DA:18,2
DA:19,2
DA:20,2
DA:21,2
DA:23,2
DA:24,2
DA:27,0
DA:28,0
DA:31,0
DA:32,0
DA:33,0
DA:34,0
DA:35,0
DA:36,0
DA:37,0
DA:39,0
DA:49,0
DA:50,0
DA:52,0
DA:53,0
DA:54,0
DA:55,0
DA:67,0
DA:70,0
DA:71,0
DA:73,0
DA:74,0
DA:78,2
LF:42
LH:21
BRDA:15,0,0,6
BRDA:15,0,1,0
BRDA:16,1,0,4
BRDA:16,1,1,2
BRDA:16,2,0,6
BRDA:16,2,1,5
BRDA:16,2,2,4
BRDA:16,2,3,3
BRDA:20,3,0,1
BRDA:20,3,1,1
BRDA:23,4,0,2
BRDA:23,4,1,0
BRDA:23,5,0,2
BRDA:23,5,1,1
BRDA:27,6,0,0
BRDA:27,6,1,0
BRDA:34,7,0,0
BRDA:34,7,1,0
BRDA:37,8,0,0
BRDA:37,8,1,0
BRDA:41,9,0,0
BRDA:41,9,1,0
BRDA:41,10,0,0
BRDA:41,10,1,0
BRDA:53,11,0,0
BRDA:53,11,1,0
BRDA:61,12,0,0
BRDA:61,12,1,0
BRF:28
BRH:12
end_of_record
TN:
SF:src/routes/health.js
FN:5,(anonymous_0)
FNF:1
FNH:1
FNDA:12,(anonymous_0)
DA:1,2
DA:2,2
DA:3,2
DA:5,2
DA:6,12
DA:7,12
DA:10,2
LF:7
LH:7
BRF:0
BRH:0
end_of_record
TN:
SF:src/routes/slots.js
FN:10,(anonymous_0)
FN:36,(anonymous_1)
FN:59,(anonymous_2)
FNF:3
FNH:3
FNDA:3,(anonymous_0)
FNDA:2,(anonymous_1)
FNDA:1,(anonymous_2)
DA:1,2
DA:2,2
DA:3,2
DA:4,2
DA:5,2
DA:6,2
DA:7,2
DA:10,2
DA:11,3
DA:12,3
DA:13,3
DA:14,3
DA:15,3
DA:16,3
DA:17,3
DA:18,3
DA:19,3
DA:20,3
DA:21,3
DA:22,3
DA:23,3
DA:24,3
DA:25,2
DA:27,1
DA:28,1
DA:30,0
DA:31,0
DA:36,2
DA:37,2
DA:38,2
DA:39,2
DA:40,2
DA:41,2
DA:42,2
DA:43,2
DA:44,2
DA:45,2
DA:46,2
DA:47,2
DA:48,2
DA:49,2
DA:50,2
DA:51,2
DA:53,0
DA:54,0
DA:59,2
DA:60,1
DA:61,1
DA:62,1
DA:63,1
DA:64,1
DA:65,1
DA:66,1
DA:67,1
DA:68,1
DA:69,1
DA:70,1
DA:71,1
DA:73,0
DA:74,0
DA:78,2
LF:61
LH:55
BRDA:17,0,0,0
BRDA:17,0,1,3
BRDA:18,1,0,0
BRDA:18,1,1,3
BRDA:19,2,0,0
BRDA:19,2,1,3
BRDA:19,3,0,3
BRDA:19,3,1,3
BRDA:19,3,2,3
BRDA:21,4,0,3
BRDA:21,4,1,0
BRDA:23,5,0,3
BRDA:23,5,1,1
BRDA:24,6,0,2
BRDA:24,6,1,1
BRDA:24,7,0,3
BRDA:24,7,1,2
BRDA:43,8,0,0
BRDA:43,8,1,2
BRDA:44,9,0,0
BRDA:44,9,1,2
BRDA:45,10,0,0
BRDA:45,10,1,2
BRDA:45,11,0,2
BRDA:45,11,1,2
BRDA:45,11,2,2
BRDA:47,12,0,2
BRDA:47,12,1,0
BRDA:67,13,0,1
BRDA:67,13,1,0
BRDA:69,14,0,1
BRDA:69,14,1,0
BRDA:70,15,0,1
BRDA:70,15,1,0
BRF:34
BRH:23
end_of_record
TN:
SF:src/services/fileQueue.js
FN:4,enqueue
FN:6,(anonymous_1)
FN:7,(anonymous_2)
FNF:3
FNH:2
FNDA:2,enqueue
FNDA:0,(anonymous_1)
FNDA:2,(anonymous_2)
DA:2,4
DA:5,2
DA:6,2
DA:7,2
DA:8,2
DA:10,2
DA:13,4
LF:7
LH:7
BRDA:5,0,0,2
BRDA:5,0,1,2
BRDA:8,1,0,0
BRDA:8,1,1,2
BRF:4
BRH:3
end_of_record
TN:
SF:src/services/mail.js
FN:5,getMailTransport
FN:22,sendMail
FNF:2
FNH:0
FNDA:0,getMailTransport
FNDA:0,sendMail
DA:1,2
DA:3,2
DA:6,0
DA:7,0
DA:8,0
DA:9,0
DA:10,0
DA:11,0
DA:12,0
DA:13,0
DA:19,0
DA:23,0
DA:24,0
DA:25,0
DA:26,0
DA:28,0
DA:29,0
DA:30,0
DA:32,0
DA:36,2
LF:20
LH:3
BRDA:6,0,0,0
BRDA:6,0,1,0
BRDA:8,1,0,0
BRDA:8,1,1,0
BRDA:9,2,0,0
BRDA:9,2,1,0
BRDA:10,3,0,0
BRDA:10,3,1,0
BRDA:17,4,0,0
BRDA:17,4,1,0
BRDA:24,5,0,0
BRDA:24,5,1,0
BRDA:28,6,0,0
BRDA:28,6,1,0
BRF:14
BRH:0
end_of_record
TN:
SF:src/services/schedule.js
FN:4,dayKeyFromWeekday
FN:9,validateSchedule
FN:27,buildDayIntervals
FN:43,generateSlots
FN:90,(anonymous_4)
FN:94,groupSlotsByDay
FN:102,(anonymous_6)
FN:103,(anonymous_7)
FNF:8
FNH:7
FNDA:122,dayKeyFromWeekday
FNDA:0,validateSchedule
FNDA:122,buildDayIntervals
FNDA:8,generateSlots
FNDA:1260,(anonymous_4)
FNDA:6,groupSlotsByDay
FNDA:37,(anonymous_6)
FNDA:42,(anonymous_7)
DA:1,4
DA:2,4
DA:5,122
DA:6,122
DA:10,0
DA:11,0
DA:12,0
DA:13,0
DA:14,0
DA:15,0
DA:16,0
DA:17,0
DA:18,0
DA:19,0
DA:20,0
DA:23,0
DA:24,0
DA:28,122
DA:29,122
DA:30,122
DA:33,122
DA:34,122
DA:35,122
DA:36,75
DA:37,75
DA:38,75
DA:40,122
DA:44,8
DA:45,8
DA:46,8
DA:47,8
DA:48,8
DA:49,8
DA:50,24
DA:51,24
DA:52,24
DA:55,8
DA:56,8
DA:57,8
DA:58,122
DA:59,122
DA:60,75
DA:61,75
DA:62,75
DA:63,0
DA:65,75
DA:66,1292
DA:67,1292
DA:68,1292
DA:69,1292
DA:70,1292
DA:71,0
DA:72,0
DA:74,1292
DA:75,1292
DA:76,1292
DA:77,1266
DA:85,1292
DA:88,122
DA:90,1260
DA:91,8
DA:95,6
DA:96,6
DA:97,715
DA:98,715
DA:99,715
DA:101,6
DA:102,37
DA:103,42
DA:104,6
DA:107,4
LF:71
LH:55
BRDA:10,0,0,0
BRDA:10,0,1,0
BRDA:10,1,0,0
BRDA:10,1,1,0
BRDA:12,2,0,0
BRDA:12,2,1,0
BRDA:12,3,0,0
BRDA:12,3,1,0
BRDA:13,4,0,0
BRDA:13,4,1,0
BRDA:13,5,0,0
BRDA:13,5,1,0
BRDA:14,6,0,0
BRDA:14,6,1,0
BRDA:14,7,0,0
BRDA:14,7,1,0
BRDA:15,8,0,0
BRDA:15,8,1,0
BRDA:15,9,0,0
BRDA:15,9,1,0
BRDA:18,10,0,0
BRDA:18,10,1,0
BRDA:20,11,0,0
BRDA:20,11,1,0
BRDA:20,12,0,0
BRDA:20,12,1,0
BRDA:23,13,0,0
BRDA:23,13,1,0
BRDA:23,14,0,0
BRDA:23,14,1,0
BRDA:30,15,0,0
BRDA:30,15,1,122
BRDA:30,16,0,122
BRDA:30,16,1,122
BRDA:33,17,0,0
BRDA:33,17,1,122
BRDA:33,18,0,122
BRDA:33,18,1,0
BRDA:38,19,0,75
BRDA:38,19,1,0
BRDA:43,20,0,2
BRDA:43,21,0,2
BRDA:43,22,0,8
BRDA:47,23,0,8
BRDA:47,23,1,8
BRDA:52,24,0,24
BRDA:52,24,1,24
BRDA:62,25,0,0
BRDA:62,25,1,75
BRDA:67,26,0,0
BRDA:67,26,1,1292
BRDA:68,27,0,1292
BRDA:68,27,1,0
BRDA:68,28,0,1292
BRDA:68,28,1,1292
BRDA:68,28,2,1292
BRDA:70,29,0,0
BRDA:70,29,1,1292
BRDA:74,30,0,1292
BRDA:74,30,1,1280
BRDA:76,31,0,1266
BRDA:76,31,1,26
BRDA:90,32,0,0
BRDA:90,32,1,1260
BRDA:98,33,0,42
BRDA:98,33,1,673
BRDA:102,34,0,0
BRDA:102,34,1,37
BRF:68
BRH:28
end_of_record
TN:
SF:src/utils/json.js
FN:4,readJson
FN:16,writeJson
FN:17,(anonymous_2)
FNF:3
FNH:3
FNDA:23,readJson
FNDA:2,writeJson
FNDA:2,(anonymous_2)
DA:1,4
DA:2,4
DA:5,23
DA:6,23
DA:7,22
DA:9,1
DA:10,1
DA:12,0
DA:17,2
DA:18,2
DA:19,2
DA:20,2
DA:24,4
LF:13
LH:12
BRDA:4,0,0,22
BRDA:7,1,0,22
BRDA:7,1,1,0
BRDA:9,2,0,1
BRDA:9,2,1,0
BRF:5
BRH:3
end_of_record
TN:
SF:src/utils/logger.js
FN:4,logInfo
FN:8,logError
FN:12,logWarn
FN:16,logDebug
FNF:4
FNH:3
FNDA:11,logInfo
FNDA:1,logError
FNDA:0,logWarn
FNDA:20,logDebug
DA:1,6
DA:2,6
DA:5,11
DA:9,1
DA:13,0
DA:17,20
DA:20,6
LF:7
LH:6
BRDA:1,0,0,6
BRDA:1,0,1,6
BRDA:2,1,0,6
BRDA:2,1,1,5
BRDA:2,2,0,6
BRDA:2,2,1,4
BRDA:17,3,0,1
BRDA:17,3,1,19
BRF:8
BRH:8
end_of_record
